<?xml version="1.0" encoding="utf-16"?>
<test-run id="2" testcasecount="354" result="Failed" total="354" passed="353" failed="1" skipped="0" start-time="2026-05-28 13:08:26" end-time="2026-05-28 13:10:36" duration="130.056">
  <test-suite type="TestSuite" name="VTuberSystemBase" fullname="VTuberSystemBase" result="Failed" start-time="2026-05-28 13:08:26" end-time="2026-05-28 13:10:36" duration="130.056" total="354" passed="353" failed="1" skipped="0">
    <test-suite type="TestSuite" name="VTuberSystemBase.CoreIpc.Tests.Editor.dll" fullname="D:/Personal/Repositries/VTuberSystemBase/VTuberSystemBase/Library/ScriptAssemblies/VTuberSystemBase.CoreIpc.Tests.Editor.dll" result="Failed" start-time="2026-05-28 13:08:26" end-time="2026-05-28 13:10:36" duration="129.957" total="354" passed="353" failed="1" skipped="0">
      <test-suite type="TestSuite" name="VTuberSystemBase" fullname="VTuberSystemBase" result="Failed" start-time="2026-05-28 13:08:26" end-time="2026-05-28 13:10:36" duration="129.860" total="354" passed="353" failed="1" skipped="0">
        <test-suite type="TestSuite" name="CoreIpc" fullname="VTuberSystemBase.CoreIpc" result="Failed" start-time="2026-05-28 13:08:26" end-time="2026-05-28 13:10:36" duration="129.760" total="354" passed="353" failed="1" skipped="0">
          <test-suite type="TestSuite" name="Tests" fullname="VTuberSystemBase.CoreIpc.Tests" result="Failed" start-time="2026-05-28 13:08:26" end-time="2026-05-28 13:10:36" duration="129.660" total="354" passed="353" failed="1" skipped="0">
            <test-suite type="TestSuite" name="Editor" fullname="VTuberSystemBase.CoreIpc.Tests.Editor" result="Failed" start-time="2026-05-28 13:08:26" end-time="2026-05-28 13:10:36" duration="129.560" total="354" passed="353" failed="1" skipped="0">
              <test-suite type="VTuberSystemBase.CoreIpc.Tests.Editor.AbstractInterfaceContractTests" name="AbstractInterfaceContractTests" fullname="VTuberSystemBase.CoreIpc.Tests.Editor.AbstractInterfaceContractTests" result="Passed" start-time="2026-05-28 13:08:26" end-time="2026-05-28 13:08:26" duration="0.117" total="14" passed="14" failed="0" skipped="0">
                <test-case name="AbstractionsAssembly_HasNoForwardReferenceToNonStdAssemblies" fullname="VTuberSystemBase.CoreIpc.Tests.Editor.AbstractInterfaceContractTests.AbstractionsAssembly_HasNoForwardReferenceToNonStdAssemblies" result="Passed" start-time="2026-05-28 13:08:26" end-time="2026-05-28 13:08:26" duration="0.006" />
                <test-case name="AllAbstractContracts_AreDefinedInAbstractionsAssembly" fullname="VTuberSystemBase.CoreIpc.Tests.Editor.AbstractInterfaceContractTests.AllAbstractContracts_AreDefinedInAbstractionsAssembly" result="Passed" start-time="2026-05-28 13:08:26" end-time="2026-05-28 13:08:26" duration="0.002" />
                <test-case name="ClientBindOptions_PreservesHostPortAndConnectTimeout" fullname="VTuberSystemBase.CoreIpc.Tests.Editor.AbstractInterfaceContractTests.ClientBindOptions_PreservesHostPortAndConnectTimeout" result="Passed" start-time="2026-05-28 13:08:26" end-time="2026-05-28 13:08:26" duration="0.001" />
                <test-case name="DiagnosticsSnapshot_PreservesConstructorArguments" fullname="VTuberSystemBase.CoreIpc.Tests.Editor.AbstractInterfaceContractTests.DiagnosticsSnapshot_PreservesConstructorArguments" result="Passed" start-time="2026-05-28 13:08:26" end-time="2026-05-28 13:08:26" duration="0.000" />
                <test-case name="IAuthenticationHandler_DeclaresAuthenticateAsync" fullname="VTuberSystemBase.CoreIpc.Tests.Editor.AbstractInterfaceContractTests.IAuthenticationHandler_DeclaresAuthenticateAsync" result="Passed" start-time="2026-05-28 13:08:26" end-time="2026-05-28 13:08:26" duration="0.001" />
                <test-case name="IClientConnection_DeclaresSendReceiveAndIsAsyncDisposable" fullname="VTuberSystemBase.CoreIpc.Tests.Editor.AbstractInterfaceContractTests.IClientConnection_DeclaresSendReceiveAndIsAsyncDisposable" result="Passed" start-time="2026-05-28 13:08:26" end-time="2026-05-28 13:08:26" duration="0.000" />
                <test-case name="IConnectionDiagnostics_DeclaresAllPropertiesAndStateChangedEvent" fullname="VTuberSystemBase.CoreIpc.Tests.Editor.AbstractInterfaceContractTests.IConnectionDiagnostics_DeclaresAllPropertiesAndStateChangedEvent" result="Passed" start-time="2026-05-28 13:08:26" end-time="2026-05-28 13:08:26" duration="0.000" />
                <test-case name="ICoreIpcBus_DeclaresAllRequiredMembers" fullname="VTuberSystemBase.CoreIpc.Tests.Editor.AbstractInterfaceContractTests.ICoreIpcBus_DeclaresAllRequiredMembers" result="Passed" start-time="2026-05-28 13:08:26" end-time="2026-05-28 13:08:26" duration="0.000" />
                <test-case name="ICoreIpcRuntime_DeclaresLifecycleMembersAndExtendsIDisposable" fullname="VTuberSystemBase.CoreIpc.Tests.Editor.AbstractInterfaceContractTests.ICoreIpcRuntime_DeclaresLifecycleMembersAndExtendsIDisposable" result="Passed" start-time="2026-05-28 13:08:26" end-time="2026-05-28 13:08:26" duration="0.000" />
                <test-case name="IMessageCodec_DeclaresEncodeAndDecode" fullname="VTuberSystemBase.CoreIpc.Tests.Editor.AbstractInterfaceContractTests.IMessageCodec_DeclaresEncodeAndDecode" result="Passed" start-time="2026-05-28 13:08:26" end-time="2026-05-28 13:08:26" duration="0.000" />
                <test-case name="ISubscriptionToken_ExtendsIDisposable" fullname="VTuberSystemBase.CoreIpc.Tests.Editor.AbstractInterfaceContractTests.ISubscriptionToken_ExtendsIDisposable" result="Passed" start-time="2026-05-28 13:08:26" end-time="2026-05-28 13:08:26" duration="0.000" />
                <test-case name="ITransportAdapter_DeclaresServerAndClientFactoriesAndIsAsyncDisposable" fullname="VTuberSystemBase.CoreIpc.Tests.Editor.AbstractInterfaceContractTests.ITransportAdapter_DeclaresServerAndClientFactoriesAndIsAsyncDisposable" result="Passed" start-time="2026-05-28 13:08:26" end-time="2026-05-28 13:08:26" duration="0.000" />
                <test-case name="RequestOptions_PreservesTimeout" fullname="VTuberSystemBase.CoreIpc.Tests.Editor.AbstractInterfaceContractTests.RequestOptions_PreservesTimeout" result="Passed" start-time="2026-05-28 13:08:26" end-time="2026-05-28 13:08:26" duration="0.000" />
                <test-case name="ServerBindOptions_PreservesHostAndPort" fullname="VTuberSystemBase.CoreIpc.Tests.Editor.AbstractInterfaceContractTests.ServerBindOptions_PreservesHostAndPort" result="Passed" start-time="2026-05-28 13:08:26" end-time="2026-05-28 13:08:26" duration="0.000" />
              </test-suite>
              <test-suite type="VTuberSystemBase.CoreIpc.Tests.Editor.ClientSessionManagerTests" name="ClientSessionManagerTests" fullname="VTuberSystemBase.CoreIpc.Tests.Editor.ClientSessionManagerTests" result="Passed" start-time="2026-05-28 13:08:26" end-time="2026-05-28 13:08:29" duration="2.869" total="9" passed="9" failed="0" skipped="0">
                <test-case name="Constructor_NullBackoff_Throws" fullname="VTuberSystemBase.CoreIpc.Tests.Editor.ClientSessionManagerTests.Constructor_NullBackoff_Throws" result="Passed" start-time="2026-05-28 13:08:26" end-time="2026-05-28 13:08:26" duration="0.002" />
                <test-case name="Constructor_NullStateMachine_Throws" fullname="VTuberSystemBase.CoreIpc.Tests.Editor.ClientSessionManagerTests.Constructor_NullStateMachine_Throws" result="Passed" start-time="2026-05-28 13:08:26" end-time="2026-05-28 13:08:26" duration="0.000" />
                <test-case name="Constructor_NullTransport_Throws" fullname="VTuberSystemBase.CoreIpc.Tests.Editor.ClientSessionManagerTests.Constructor_NullTransport_Throws" result="Passed" start-time="2026-05-28 13:08:26" end-time="2026-05-28 13:08:26" duration="0.000" />
                <test-case name="ReceivedFrames_AreForwardedToCallback" fullname="VTuberSystemBase.CoreIpc.Tests.Editor.ClientSessionManagerTests.ReceivedFrames_AreForwardedToCallback" result="Passed" start-time="2026-05-28 13:08:26" end-time="2026-05-28 13:08:27" duration="0.594" />
                <test-case name="Scenario1_ConnectSucceeds_TransitionsToConnected" fullname="VTuberSystemBase.CoreIpc.Tests.Editor.ClientSessionManagerTests.Scenario1_ConnectSucceeds_TransitionsToConnected" result="Passed" start-time="2026-05-28 13:08:27" end-time="2026-05-28 13:08:27" duration="0.497" />
                <test-case name="Scenario2_DropAfterConnected_RecoversThroughReconnecting" fullname="VTuberSystemBase.CoreIpc.Tests.Editor.ClientSessionManagerTests.Scenario2_DropAfterConnected_RecoversThroughReconnecting" result="Passed" start-time="2026-05-28 13:08:27" end-time="2026-05-28 13:08:28" duration="0.498" />
                <test-case name="Scenario3_AttemptsExceedMax_TransitionsToPermanentlyDisconnected" fullname="VTuberSystemBase.CoreIpc.Tests.Editor.ClientSessionManagerTests.Scenario3_AttemptsExceedMax_TransitionsToPermanentlyDisconnected" result="Passed" start-time="2026-05-28 13:08:28" end-time="2026-05-28 13:08:28" duration="0.398" />
                <test-case name="Scenario4_ShutdownDuringReconnect_StopsRetriesAndCleanlyDisconnects" fullname="VTuberSystemBase.CoreIpc.Tests.Editor.ClientSessionManagerTests.Scenario4_ShutdownDuringReconnect_StopsRetriesAndCleanlyDisconnects" result="Passed" start-time="2026-05-28 13:08:28" end-time="2026-05-28 13:08:29" duration="0.398" />
                <test-case name="StartAsync_CalledTwice_Throws" fullname="VTuberSystemBase.CoreIpc.Tests.Editor.ClientSessionManagerTests.StartAsync_CalledTwice_Throws" result="Passed" start-time="2026-05-28 13:08:29" end-time="2026-05-28 13:08:29" duration="0.399" />
              </test-suite>
              <test-suite type="VTuberSystemBase.CoreIpc.Tests.Editor.ConnectionStateMachineTests" name="ConnectionStateMachineTests" fullname="VTuberSystemBase.CoreIpc.Tests.Editor.ConnectionStateMachineTests" result="Passed" start-time="2026-05-28 13:08:29" end-time="2026-05-28 13:08:29" duration="0.106" total="21" passed="21" failed="0" skipped="0">
                <test-case name="AfterShutdown_DisconnectedToConnecting_IsSuppressed_AndLogsWarning" fullname="VTuberSystemBase.CoreIpc.Tests.Editor.ConnectionStateMachineTests.AfterShutdown_DisconnectedToConnecting_IsSuppressed_AndLogsWarning" result="Passed" start-time="2026-05-28 13:08:29" end-time="2026-05-28 13:08:29" duration="0.001" />
                <test-case name="FullReconnectScenario_DropAndRecover_FiresExpectedSequence" fullname="VTuberSystemBase.CoreIpc.Tests.Editor.ConnectionStateMachineTests.FullReconnectScenario_DropAndRecover_FiresExpectedSequence" result="Passed" start-time="2026-05-28 13:08:29" end-time="2026-05-28 13:08:29" duration="0.001" />
                <test-case name="InitialState_IsDisconnected_AndShutdownNotRequested" fullname="VTuberSystemBase.CoreIpc.Tests.Editor.ConnectionStateMachineTests.InitialState_IsDisconnected_AndShutdownNotRequested" result="Passed" start-time="2026-05-28 13:08:29" end-time="2026-05-28 13:08:29" duration="0.000" />
                <test-case name="InvalidTransition_ConnectedToConnecting_IsIgnored_AndLogsWarning" fullname="VTuberSystemBase.CoreIpc.Tests.Editor.ConnectionStateMachineTests.InvalidTransition_ConnectedToConnecting_IsIgnored_AndLogsWarning" result="Passed" start-time="2026-05-28 13:08:29" end-time="2026-05-28 13:08:29" duration="0.000" />
                <test-case name="InvalidTransition_DisconnectedToConnected_IsIgnored_AndLogsWarning" fullname="VTuberSystemBase.CoreIpc.Tests.Editor.ConnectionStateMachineTests.InvalidTransition_DisconnectedToConnected_IsIgnored_AndLogsWarning" result="Passed" start-time="2026-05-28 13:08:29" end-time="2026-05-28 13:08:29" duration="0.000" />
                <test-case name="InvalidTransition_DoesNotThrow" fullname="VTuberSystemBase.CoreIpc.Tests.Editor.ConnectionStateMachineTests.InvalidTransition_DoesNotThrow" result="Passed" start-time="2026-05-28 13:08:29" end-time="2026-05-28 13:08:29" duration="0.000" />
                <test-case name="InvalidTransition_PermanentlyDisconnectedToConnecting_IsIgnored" fullname="VTuberSystemBase.CoreIpc.Tests.Editor.ConnectionStateMachineTests.InvalidTransition_PermanentlyDisconnectedToConnecting_IsIgnored" result="Passed" start-time="2026-05-28 13:08:29" end-time="2026-05-28 13:08:29" duration="0.000" />
                <test-case name="Path1_Disconnected_To_Connecting_Succeeds" fullname="VTuberSystemBase.CoreIpc.Tests.Editor.ConnectionStateMachineTests.Path1_Disconnected_To_Connecting_Succeeds" result="Passed" start-time="2026-05-28 13:08:29" end-time="2026-05-28 13:08:29" duration="0.000" />
                <test-case name="Path2_Connecting_To_Connected_Succeeds" fullname="VTuberSystemBase.CoreIpc.Tests.Editor.ConnectionStateMachineTests.Path2_Connecting_To_Connected_Succeeds" result="Passed" start-time="2026-05-28 13:08:29" end-time="2026-05-28 13:08:29" duration="0.000" />
                <test-case name="Path3_Connecting_To_Disconnected_OnHandshakeFailure_Succeeds" fullname="VTuberSystemBase.CoreIpc.Tests.Editor.ConnectionStateMachineTests.Path3_Connecting_To_Disconnected_OnHandshakeFailure_Succeeds" result="Passed" start-time="2026-05-28 13:08:29" end-time="2026-05-28 13:08:29" duration="0.000" />
                <test-case name="Path4_Connected_To_Reconnecting_OnSocketDrop_Succeeds" fullname="VTuberSystemBase.CoreIpc.Tests.Editor.ConnectionStateMachineTests.Path4_Connected_To_Reconnecting_OnSocketDrop_Succeeds" result="Passed" start-time="2026-05-28 13:08:29" end-time="2026-05-28 13:08:29" duration="0.000" />
                <test-case name="Path5_Reconnecting_To_Connecting_OnBackoffExpired_Succeeds" fullname="VTuberSystemBase.CoreIpc.Tests.Editor.ConnectionStateMachineTests.Path5_Reconnecting_To_Connecting_OnBackoffExpired_Succeeds" result="Passed" start-time="2026-05-28 13:08:29" end-time="2026-05-28 13:08:29" duration="0.000" />
                <test-case name="Path6_Reconnecting_To_PermanentlyDisconnected_OnMaxAttempts_Succeeds" fullname="VTuberSystemBase.CoreIpc.Tests.Editor.ConnectionStateMachineTests.Path6_Reconnecting_To_PermanentlyDisconnected_OnMaxAttempts_Succeeds" result="Passed" start-time="2026-05-28 13:08:29" end-time="2026-05-28 13:08:29" duration="0.000" />
                <test-case name="Path7_Connected_To_Disconnected_OnShutdown_SetsFlag" fullname="VTuberSystemBase.CoreIpc.Tests.Editor.ConnectionStateMachineTests.Path7_Connected_To_Disconnected_OnShutdown_SetsFlag" result="Passed" start-time="2026-05-28 13:08:29" end-time="2026-05-28 13:08:29" duration="0.000" />
                <test-case name="Path8_Reconnecting_To_Disconnected_OnShutdown_SetsFlag" fullname="VTuberSystemBase.CoreIpc.Tests.Editor.ConnectionStateMachineTests.Path8_Reconnecting_To_Disconnected_OnShutdown_SetsFlag" result="Passed" start-time="2026-05-28 13:08:29" end-time="2026-05-28 13:08:29" duration="0.000" />
                <test-case name="SameStateTransition_IsNoOp_NoEvent_NoWarning" fullname="VTuberSystemBase.CoreIpc.Tests.Editor.ConnectionStateMachineTests.SameStateTransition_IsNoOp_NoEvent_NoWarning" result="Passed" start-time="2026-05-28 13:08:29" end-time="2026-05-28 13:08:29" duration="0.000" />
                <test-case name="Shutdown_FromDisconnected_OnlySetsFlag_AndDoesNotFireEvent" fullname="VTuberSystemBase.CoreIpc.Tests.Editor.ConnectionStateMachineTests.Shutdown_FromDisconnected_OnlySetsFlag_AndDoesNotFireEvent" result="Passed" start-time="2026-05-28 13:08:29" end-time="2026-05-28 13:08:29" duration="0.000" />
                <test-case name="Shutdown_TargetingNonDisconnected_IsRejected_AndLogsWarning" fullname="VTuberSystemBase.CoreIpc.Tests.Editor.ConnectionStateMachineTests.Shutdown_TargetingNonDisconnected_IsRejected_AndLogsWarning" result="Passed" start-time="2026-05-28 13:08:29" end-time="2026-05-28 13:08:29" duration="0.000" />
                <test-case name="StateChanged_DeliversPreviousAndCurrentInOrder" fullname="VTuberSystemBase.CoreIpc.Tests.Editor.ConnectionStateMachineTests.StateChanged_DeliversPreviousAndCurrentInOrder" result="Passed" start-time="2026-05-28 13:08:29" end-time="2026-05-28 13:08:29" duration="0.000" />
                <test-case name="StateChanged_FiresExactlyOncePerTransition" fullname="VTuberSystemBase.CoreIpc.Tests.Editor.ConnectionStateMachineTests.StateChanged_FiresExactlyOncePerTransition" result="Passed" start-time="2026-05-28 13:08:29" end-time="2026-05-28 13:08:29" duration="0.000" />
                <test-case name="StateChanged_MultipleSubscribers_AllReceiveTransition" fullname="VTuberSystemBase.CoreIpc.Tests.Editor.ConnectionStateMachineTests.StateChanged_MultipleSubscribers_AllReceiveTransition" result="Passed" start-time="2026-05-28 13:08:29" end-time="2026-05-28 13:08:29" duration="0.000" />
              </test-suite>
              <test-suite type="VTuberSystemBase.CoreIpc.Tests.Editor.CoreIpcBusTests" name="CoreIpcBusTests" fullname="VTuberSystemBase.CoreIpc.Tests.Editor.CoreIpcBusTests" result="Passed" start-time="2026-05-28 13:08:29" end-time="2026-05-28 13:08:31" duration="2.192" total="24" passed="24" failed="0" skipped="0">
                <test-case name="Ctor_NullCodec_Throws" fullname="VTuberSystemBase.CoreIpc.Tests.Editor.CoreIpcBusTests.Ctor_NullCodec_Throws" result="Passed" start-time="2026-05-28 13:08:29" end-time="2026-05-28 13:08:29" duration="0.001" />
                <test-case name="Ctor_NullOptions_Throws" fullname="VTuberSystemBase.CoreIpc.Tests.Editor.CoreIpcBusTests.Ctor_NullOptions_Throws" result="Passed" start-time="2026-05-28 13:08:29" end-time="2026-05-28 13:08:29" duration="0.007" />
                <test-case name="Ctor_NullOutbound_Throws" fullname="VTuberSystemBase.CoreIpc.Tests.Editor.CoreIpcBusTests.Ctor_NullOutbound_Throws" result="Passed" start-time="2026-05-28 13:08:29" end-time="2026-05-28 13:08:29" duration="0.000" />
                <test-case name="Diagnostics_ReturnsInjectedInstance" fullname="VTuberSystemBase.CoreIpc.Tests.Editor.CoreIpcBusTests.Diagnostics_ReturnsInjectedInstance" result="Passed" start-time="2026-05-28 13:08:29" end-time="2026-05-28 13:08:29" duration="0.001" />
                <test-case name="PublishEvent_AtOrUnderLimit_Succeeds_ButOverLimit_Fails" fullname="VTuberSystemBase.CoreIpc.Tests.Editor.CoreIpcBusTests.PublishEvent_AtOrUnderLimit_Succeeds_ButOverLimit_Fails" result="Passed" start-time="2026-05-28 13:08:29" end-time="2026-05-28 13:08:29" duration="0.037" />
                <test-case name="PublishEvent_Success_SendsEncodedEventEnvelope" fullname="VTuberSystemBase.CoreIpc.Tests.Editor.CoreIpcBusTests.PublishEvent_Success_SendsEncodedEventEnvelope" result="Passed" start-time="2026-05-28 13:08:29" end-time="2026-05-28 13:08:29" duration="0.010" />
                <test-case name="PublishEvent_WhenNotConnected_ReturnsNotConnected" fullname="VTuberSystemBase.CoreIpc.Tests.Editor.CoreIpcBusTests.PublishEvent_WhenNotConnected_ReturnsNotConnected" result="Passed" start-time="2026-05-28 13:08:29" end-time="2026-05-28 13:08:29" duration="0.000" />
                <test-case name="PublishEvent_WithNullTopic_ReturnsInvalidTopic" fullname="VTuberSystemBase.CoreIpc.Tests.Editor.CoreIpcBusTests.PublishEvent_WithNullTopic_ReturnsInvalidTopic" result="Passed" start-time="2026-05-28 13:08:29" end-time="2026-05-28 13:08:29" duration="0.000" />
                <test-case name="PublishState_Success_SendsEncodedStateEnvelope" fullname="VTuberSystemBase.CoreIpc.Tests.Editor.CoreIpcBusTests.PublishState_Success_SendsEncodedStateEnvelope" result="Passed" start-time="2026-05-28 13:08:29" end-time="2026-05-28 13:08:29" duration="0.001" />
                <test-case name="PublishState_WhenNotConnected_ReturnsNotConnected" fullname="VTuberSystemBase.CoreIpc.Tests.Editor.CoreIpcBusTests.PublishState_WhenNotConnected_ReturnsNotConnected" result="Passed" start-time="2026-05-28 13:08:29" end-time="2026-05-28 13:08:29" duration="0.000" />
                <test-case name="PublishState_WithEmptyTopic_ReturnsInvalidTopic" fullname="VTuberSystemBase.CoreIpc.Tests.Editor.CoreIpcBusTests.PublishState_WithEmptyTopic_ReturnsInvalidTopic" result="Passed" start-time="2026-05-28 13:08:29" end-time="2026-05-28 13:08:29" duration="0.000" />
                <test-case name="PublishState_WithOversizedPayload_ReturnsSizeLimitExceeded" fullname="VTuberSystemBase.CoreIpc.Tests.Editor.CoreIpcBusTests.PublishState_WithOversizedPayload_ReturnsSizeLimitExceeded" result="Passed" start-time="2026-05-28 13:08:29" end-time="2026-05-28 13:08:29" duration="0.001" />
                <test-case name="RegisterRequestHandler_NullArgs_Throws" fullname="VTuberSystemBase.CoreIpc.Tests.Editor.CoreIpcBusTests.RegisterRequestHandler_NullArgs_Throws" result="Passed" start-time="2026-05-28 13:08:29" end-time="2026-05-28 13:08:29" duration="0.000" />
                <test-case name="RegisterRequestHandler_RegistersUnderRequestKind_AndSendsResponseEnvelope" fullname="VTuberSystemBase.CoreIpc.Tests.Editor.CoreIpcBusTests.RegisterRequestHandler_RegistersUnderRequestKind_AndSendsResponseEnvelope" result="Passed" start-time="2026-05-28 13:08:29" end-time="2026-05-28 13:08:30" duration="0.238" />
                <test-case name="RequestAsync_AllocatesCorrelationId_AndSendsRequestEnvelope" fullname="VTuberSystemBase.CoreIpc.Tests.Editor.CoreIpcBusTests.RequestAsync_AllocatesCorrelationId_AndSendsRequestEnvelope" result="Passed" start-time="2026-05-28 13:08:30" end-time="2026-05-28 13:08:30" duration="0.499" />
                <test-case name="RequestAsync_NoResponse_ReturnsRequestTimeout" fullname="VTuberSystemBase.CoreIpc.Tests.Editor.CoreIpcBusTests.RequestAsync_NoResponse_ReturnsRequestTimeout" result="Passed" start-time="2026-05-28 13:08:30" end-time="2026-05-28 13:08:31" duration="0.399" />
                <test-case name="RequestAsync_SendThrows_FailsPending_AndReturnsTransportFailure" fullname="VTuberSystemBase.CoreIpc.Tests.Editor.CoreIpcBusTests.RequestAsync_SendThrows_FailsPending_AndReturnsTransportFailure" result="Passed" start-time="2026-05-28 13:08:31" end-time="2026-05-28 13:08:31" duration="0.299" />
                <test-case name="RequestAsync_WhenNotConnected_ReturnsNotConnected" fullname="VTuberSystemBase.CoreIpc.Tests.Editor.CoreIpcBusTests.RequestAsync_WhenNotConnected_ReturnsNotConnected" result="Passed" start-time="2026-05-28 13:08:31" end-time="2026-05-28 13:08:31" duration="0.297" />
                <test-case name="RequestAsync_WithEmptyTopic_ReturnsInvalidTopic" fullname="VTuberSystemBase.CoreIpc.Tests.Editor.CoreIpcBusTests.RequestAsync_WithEmptyTopic_ReturnsInvalidTopic" result="Passed" start-time="2026-05-28 13:08:31" end-time="2026-05-28 13:08:31" duration="0.299" />
                <test-case name="Subscribe_DisposeToken_RemovesRegistration" fullname="VTuberSystemBase.CoreIpc.Tests.Editor.CoreIpcBusTests.Subscribe_DisposeToken_RemovesRegistration" result="Passed" start-time="2026-05-28 13:08:31" end-time="2026-05-28 13:08:31" duration="0.001" />
                <test-case name="Subscribe_NullHandler_Throws" fullname="VTuberSystemBase.CoreIpc.Tests.Editor.CoreIpcBusTests.Subscribe_NullHandler_Throws" result="Passed" start-time="2026-05-28 13:08:31" end-time="2026-05-28 13:08:31" duration="0.000" />
                <test-case name="Subscribe_NullTopicOrEmpty_Throws" fullname="VTuberSystemBase.CoreIpc.Tests.Editor.CoreIpcBusTests.Subscribe_NullTopicOrEmpty_Throws" result="Passed" start-time="2026-05-28 13:08:31" end-time="2026-05-28 13:08:31" duration="0.000" />
                <test-case name="SubscribeEvent_DelegatesToRegistry_AndDispatchInvokesHandler" fullname="VTuberSystemBase.CoreIpc.Tests.Editor.CoreIpcBusTests.SubscribeEvent_DelegatesToRegistry_AndDispatchInvokesHandler" result="Passed" start-time="2026-05-28 13:08:31" end-time="2026-05-28 13:08:31" duration="0.004" />
                <test-case name="SubscribeState_DelegatesToRegistry_AndDispatchInvokesHandlerWithDeserializedPayload" fullname="VTuberSystemBase.CoreIpc.Tests.Editor.CoreIpcBusTests.SubscribeState_DelegatesToRegistry_AndDispatchInvokesHandlerWithDeserializedPayload" result="Passed" start-time="2026-05-28 13:08:31" end-time="2026-05-28 13:08:31" duration="0.001" />
              </test-suite>
              <test-suite type="VTuberSystemBase.CoreIpc.Tests.Editor.CoreIpcConfigLoaderTests" name="CoreIpcConfigLoaderTests" fullname="VTuberSystemBase.CoreIpc.Tests.Editor.CoreIpcConfigLoaderTests" result="Passed" start-time="2026-05-28 13:08:31" end-time="2026-05-28 13:08:32" duration="0.106" total="10" passed="10" failed="0" skipped="0">
                <test-case name="GetDefaultAppDataPath_IncludesVTuberSystemBaseSubdirectory" fullname="VTuberSystemBase.CoreIpc.Tests.Editor.CoreIpcConfigLoaderTests.GetDefaultAppDataPath_IncludesVTuberSystemBaseSubdirectory" result="Passed" start-time="2026-05-28 13:08:32" end-time="2026-05-28 13:08:32" duration="0.002" />
                <test-case name="GetDefaultStreamingAssetsPath_EndsWithExpectedFileName" fullname="VTuberSystemBase.CoreIpc.Tests.Editor.CoreIpcConfigLoaderTests.GetDefaultStreamingAssetsPath_EndsWithExpectedFileName" result="Passed" start-time="2026-05-28 13:08:32" end-time="2026-05-28 13:08:32" duration="0.000" />
                <test-case name="Load_AppliesThreeLayerPrecedence_AppDataWinsThenStreamingThenResource" fullname="VTuberSystemBase.CoreIpc.Tests.Editor.CoreIpcConfigLoaderTests.Load_AppliesThreeLayerPrecedence_AppDataWinsThenStreamingThenResource" result="Passed" start-time="2026-05-28 13:08:32" end-time="2026-05-28 13:08:32" duration="0.002" />
                <test-case name="Load_NullContext_Throws" fullname="VTuberSystemBase.CoreIpc.Tests.Editor.CoreIpcConfigLoaderTests.Load_NullContext_Throws" result="Passed" start-time="2026-05-28 13:08:32" end-time="2026-05-28 13:08:32" duration="0.000" />
                <test-case name="Load_PartialOverride_PreservesUnspecifiedFieldsFromLowerLayer" fullname="VTuberSystemBase.CoreIpc.Tests.Editor.CoreIpcConfigLoaderTests.Load_PartialOverride_PreservesUnspecifiedFieldsFromLowerLayer" result="Passed" start-time="2026-05-28 13:08:32" end-time="2026-05-28 13:08:32" duration="0.000" />
                <test-case name="Load_WithAppDataJsonOnly_AppliesPortChange" fullname="VTuberSystemBase.CoreIpc.Tests.Editor.CoreIpcConfigLoaderTests.Load_WithAppDataJsonOnly_AppliesPortChange" result="Passed" start-time="2026-05-28 13:08:32" end-time="2026-05-28 13:08:32" duration="0.000" />
                <test-case name="Load_WithEmptyContext_ReturnsEmbeddedDefaults" fullname="VTuberSystemBase.CoreIpc.Tests.Editor.CoreIpcConfigLoaderTests.Load_WithEmptyContext_ReturnsEmbeddedDefaults" result="Passed" start-time="2026-05-28 13:08:32" end-time="2026-05-28 13:08:32" duration="0.000" />
                <test-case name="Load_WithInvalidJson_FallsBackToPriorLayerWithoutThrowing" fullname="VTuberSystemBase.CoreIpc.Tests.Editor.CoreIpcConfigLoaderTests.Load_WithInvalidJson_FallsBackToPriorLayerWithoutThrowing" result="Passed" start-time="2026-05-28 13:08:32" end-time="2026-05-28 13:08:32" duration="0.008" />
                <test-case name="Load_WithResourcesAssetOnly_AppliesAssetValues" fullname="VTuberSystemBase.CoreIpc.Tests.Editor.CoreIpcConfigLoaderTests.Load_WithResourcesAssetOnly_AppliesAssetValues" result="Passed" start-time="2026-05-28 13:08:32" end-time="2026-05-28 13:08:32" duration="0.000" />
                <test-case name="Load_WithStreamingAssetsJsonOnly_OverridesDefaultsForSpecifiedFields" fullname="VTuberSystemBase.CoreIpc.Tests.Editor.CoreIpcConfigLoaderTests.Load_WithStreamingAssetsJsonOnly_OverridesDefaultsForSpecifiedFields" result="Passed" start-time="2026-05-28 13:08:32" end-time="2026-05-28 13:08:32" duration="0.000" />
              </test-suite>
              <test-suite type="VTuberSystemBase.CoreIpc.Tests.Editor.CoreIpcDiagnosticsTests" name="CoreIpcDiagnosticsTests" fullname="VTuberSystemBase.CoreIpc.Tests.Editor.CoreIpcDiagnosticsTests" result="Passed" start-time="2026-05-28 13:08:32" end-time="2026-05-28 13:08:32" duration="0.091" total="15" passed="15" failed="0" skipped="0">
                <test-case name="ConnectionStateChanged_DoesNotFireForInvalidTransition" fullname="VTuberSystemBase.CoreIpc.Tests.Editor.CoreIpcDiagnosticsTests.ConnectionStateChanged_DoesNotFireForInvalidTransition" result="Passed" start-time="2026-05-28 13:08:32" end-time="2026-05-28 13:08:32" duration="0.001" />
                <test-case name="ConnectionStateChanged_DoesNotFireForNoOpTransition" fullname="VTuberSystemBase.CoreIpc.Tests.Editor.CoreIpcDiagnosticsTests.ConnectionStateChanged_DoesNotFireForNoOpTransition" result="Passed" start-time="2026-05-28 13:08:32" end-time="2026-05-28 13:08:32" duration="0.000" />
                <test-case name="ConnectionStateChanged_FiresOncePerTransition" fullname="VTuberSystemBase.CoreIpc.Tests.Editor.CoreIpcDiagnosticsTests.ConnectionStateChanged_FiresOncePerTransition" result="Passed" start-time="2026-05-28 13:08:32" end-time="2026-05-28 13:08:32" duration="0.000" />
                <test-case name="ConnectionStateChanged_MultipleSubscribers_AllReceiveEachEvent" fullname="VTuberSystemBase.CoreIpc.Tests.Editor.CoreIpcDiagnosticsTests.ConnectionStateChanged_MultipleSubscribers_AllReceiveEachEvent" result="Passed" start-time="2026-05-28 13:08:32" end-time="2026-05-28 13:08:32" duration="0.000" />
                <test-case name="CurrentState_ReflectsStateMachine" fullname="VTuberSystemBase.CoreIpc.Tests.Editor.CoreIpcDiagnosticsTests.CurrentState_ReflectsStateMachine" result="Passed" start-time="2026-05-28 13:08:32" end-time="2026-05-28 13:08:32" duration="0.000" />
                <test-case name="DefaultProviders_ReturnZero" fullname="VTuberSystemBase.CoreIpc.Tests.Editor.CoreIpcDiagnosticsTests.DefaultProviders_ReturnZero" result="Passed" start-time="2026-05-28 13:08:32" end-time="2026-05-28 13:08:32" duration="0.000" />
                <test-case name="Dispose_IsIdempotent" fullname="VTuberSystemBase.CoreIpc.Tests.Editor.CoreIpcDiagnosticsTests.Dispose_IsIdempotent" result="Passed" start-time="2026-05-28 13:08:32" end-time="2026-05-28 13:08:32" duration="0.000" />
                <test-case name="Dispose_UnsubscribesFromStateMachine" fullname="VTuberSystemBase.CoreIpc.Tests.Editor.CoreIpcDiagnosticsTests.Dispose_UnsubscribesFromStateMachine" result="Passed" start-time="2026-05-28 13:08:32" end-time="2026-05-28 13:08:32" duration="0.000" />
                <test-case name="IConnectionDiagnosticsEvent_IsBackedByStateMachine" fullname="VTuberSystemBase.CoreIpc.Tests.Editor.CoreIpcDiagnosticsTests.IConnectionDiagnosticsEvent_IsBackedByStateMachine" result="Passed" start-time="2026-05-28 13:08:32" end-time="2026-05-28 13:08:32" duration="0.000" />
                <test-case name="ImplementsIConnectionDiagnostics" fullname="VTuberSystemBase.CoreIpc.Tests.Editor.CoreIpcDiagnosticsTests.ImplementsIConnectionDiagnostics" result="Passed" start-time="2026-05-28 13:08:32" end-time="2026-05-28 13:08:32" duration="0.000" />
                <test-case name="LiveProviders_AreInvokedEachAccess" fullname="VTuberSystemBase.CoreIpc.Tests.Editor.CoreIpcDiagnosticsTests.LiveProviders_AreInvokedEachAccess" result="Passed" start-time="2026-05-28 13:08:32" end-time="2026-05-28 13:08:32" duration="0.000" />
                <test-case name="NullStateMachine_Throws" fullname="VTuberSystemBase.CoreIpc.Tests.Editor.CoreIpcDiagnosticsTests.NullStateMachine_Throws" result="Passed" start-time="2026-05-28 13:08:32" end-time="2026-05-28 13:08:32" duration="0.000" />
                <test-case name="TakeSnapshot_DefaultNow_IsRecent" fullname="VTuberSystemBase.CoreIpc.Tests.Editor.CoreIpcDiagnosticsTests.TakeSnapshot_DefaultNow_IsRecent" result="Passed" start-time="2026-05-28 13:08:32" end-time="2026-05-28 13:08:32" duration="0.001" />
                <test-case name="TakeSnapshot_IsImmutableValueRecord" fullname="VTuberSystemBase.CoreIpc.Tests.Editor.CoreIpcDiagnosticsTests.TakeSnapshot_IsImmutableValueRecord" result="Passed" start-time="2026-05-28 13:08:32" end-time="2026-05-28 13:08:32" duration="0.000" />
                <test-case name="TakeSnapshot_ReturnsConsistentValues" fullname="VTuberSystemBase.CoreIpc.Tests.Editor.CoreIpcDiagnosticsTests.TakeSnapshot_ReturnsConsistentValues" result="Passed" start-time="2026-05-28 13:08:32" end-time="2026-05-28 13:08:32" duration="0.000" />
              </test-suite>
              <test-suite type="VTuberSystemBase.CoreIpc.Tests.Editor.CoreIpcErrorVariantsTests" name="CoreIpcErrorVariantsTests" fullname="VTuberSystemBase.CoreIpc.Tests.Editor.CoreIpcErrorVariantsTests" result="Passed" start-time="2026-05-28 13:08:32" end-time="2026-05-28 13:08:32" duration="0.096" total="4" passed="4" failed="0" skipped="0">
                <test-case name="AllVariants_AreSubtypesOfCoreIpcError_AndCarryStableCodes" fullname="VTuberSystemBase.CoreIpc.Tests.Editor.CoreIpcErrorVariantsTests.AllVariants_AreSubtypesOfCoreIpcError_AndCarryStableCodes" result="Passed" start-time="2026-05-28 13:08:32" end-time="2026-05-28 13:08:32" duration="0.001" />
                <test-case name="Records_WithSamePayload_AreEqual" fullname="VTuberSystemBase.CoreIpc.Tests.Editor.CoreIpcErrorVariantsTests.Records_WithSamePayload_AreEqual" result="Passed" start-time="2026-05-28 13:08:32" end-time="2026-05-28 13:08:32" duration="0.000" />
                <test-case name="RequestTimeout_PreservesElapsed" fullname="VTuberSystemBase.CoreIpc.Tests.Editor.CoreIpcErrorVariantsTests.RequestTimeout_PreservesElapsed" result="Passed" start-time="2026-05-28 13:08:32" end-time="2026-05-28 13:08:32" duration="0.000" />
                <test-case name="SizeLimitExceeded_PreservesActualAndLimit" fullname="VTuberSystemBase.CoreIpc.Tests.Editor.CoreIpcErrorVariantsTests.SizeLimitExceeded_PreservesActualAndLimit" result="Passed" start-time="2026-05-28 13:08:32" end-time="2026-05-28 13:08:32" duration="0.000" />
              </test-suite>
              <test-suite type="VTuberSystemBase.CoreIpc.Tests.Editor.CoreIpcLoggerTests" name="CoreIpcLoggerTests" fullname="VTuberSystemBase.CoreIpc.Tests.Editor.CoreIpcLoggerTests" result="Passed" start-time="2026-05-28 13:08:32" end-time="2026-05-28 13:08:32" duration="0.026" total="16" passed="16" failed="0" skipped="0">
                <test-case name="AllConvenienceMethods_AtTraceLevel_RouteToCorrectLevels" fullname="VTuberSystemBase.CoreIpc.Tests.Editor.CoreIpcLoggerTests.AllConvenienceMethods_AtTraceLevel_RouteToCorrectLevels" result="Passed" start-time="2026-05-28 13:08:32" end-time="2026-05-28 13:08:32" duration="0.001" />
                <test-case name="DefaultMinimumLevel_IsInfo" fullname="VTuberSystemBase.CoreIpc.Tests.Editor.CoreIpcLoggerTests.DefaultMinimumLevel_IsInfo" result="Passed" start-time="2026-05-28 13:08:32" end-time="2026-05-28 13:08:32" duration="0.000" />
                <test-case name="FormatConnectionEvent_StaticHelper_ProducesStableShape" fullname="VTuberSystemBase.CoreIpc.Tests.Editor.CoreIpcLoggerTests.FormatConnectionEvent_StaticHelper_ProducesStableShape" result="Passed" start-time="2026-05-28 13:08:32" end-time="2026-05-28 13:08:32" duration="0.000" />
                <test-case name="Info_AtInfoLevel_IsEmittedToSink" fullname="VTuberSystemBase.CoreIpc.Tests.Editor.CoreIpcLoggerTests.Info_AtInfoLevel_IsEmittedToSink" result="Passed" start-time="2026-05-28 13:08:32" end-time="2026-05-28 13:08:32" duration="0.000" />
                <test-case name="IsEnabled_RespectsMinimumLevel" fullname="VTuberSystemBase.CoreIpc.Tests.Editor.CoreIpcLoggerTests.IsEnabled_RespectsMinimumLevel" result="Passed" start-time="2026-05-28 13:08:32" end-time="2026-05-28 13:08:32" duration="0.000" />
                <test-case name="Log_BelowMinimumLevel_IsSuppressed" fullname="VTuberSystemBase.CoreIpc.Tests.Editor.CoreIpcLoggerTests.Log_BelowMinimumLevel_IsSuppressed" result="Passed" start-time="2026-05-28 13:08:32" end-time="2026-05-28 13:08:32" duration="0.000" />
                <test-case name="LogConnectionEvent_BelowMinimumLevel_IsSuppressed" fullname="VTuberSystemBase.CoreIpc.Tests.Editor.CoreIpcLoggerTests.LogConnectionEvent_BelowMinimumLevel_IsSuppressed" result="Passed" start-time="2026-05-28 13:08:32" end-time="2026-05-28 13:08:32" duration="0.000" />
                <test-case name="LogConnectionEvent_IncludesAllStructuredFields" fullname="VTuberSystemBase.CoreIpc.Tests.Editor.CoreIpcLoggerTests.LogConnectionEvent_IncludesAllStructuredFields" result="Passed" start-time="2026-05-28 13:08:32" end-time="2026-05-28 13:08:32" duration="0.000" />
                <test-case name="LogConnectionEvent_OmitsEmptyOptionalFields" fullname="VTuberSystemBase.CoreIpc.Tests.Editor.CoreIpcLoggerTests.LogConnectionEvent_OmitsEmptyOptionalFields" result="Passed" start-time="2026-05-28 13:08:32" end-time="2026-05-28 13:08:32" duration="0.000" />
                <test-case name="LogConnectionLifecycleHelpers_EmitAtExpectedLevels" fullname="VTuberSystemBase.CoreIpc.Tests.Editor.CoreIpcLoggerTests.LogConnectionLifecycleHelpers_EmitAtExpectedLevels" result="Passed" start-time="2026-05-28 13:08:32" end-time="2026-05-28 13:08:32" duration="0.000" />
                <test-case name="LogConnectionReconnecting_BelowWarning_IsFilteredAtInfoMinimum" fullname="VTuberSystemBase.CoreIpc.Tests.Editor.CoreIpcLoggerTests.LogConnectionReconnecting_BelowWarning_IsFilteredAtInfoMinimum" result="Passed" start-time="2026-05-28 13:08:32" end-time="2026-05-28 13:08:32" duration="0.000" />
                <test-case name="MinimumLevel_RuntimeChange_TakesEffectImmediately" fullname="VTuberSystemBase.CoreIpc.Tests.Editor.CoreIpcLoggerTests.MinimumLevel_RuntimeChange_TakesEffectImmediately" result="Passed" start-time="2026-05-28 13:08:32" end-time="2026-05-28 13:08:32" duration="0.000" />
                <test-case name="NullMessage_IsCoercedToEmptyString" fullname="VTuberSystemBase.CoreIpc.Tests.Editor.CoreIpcLoggerTests.NullMessage_IsCoercedToEmptyString" result="Passed" start-time="2026-05-28 13:08:32" end-time="2026-05-28 13:08:32" duration="0.000" />
                <test-case name="NullSink_Throws" fullname="VTuberSystemBase.CoreIpc.Tests.Editor.CoreIpcLoggerTests.NullSink_Throws" result="Passed" start-time="2026-05-28 13:08:32" end-time="2026-05-28 13:08:32" duration="0.000" />
                <test-case name="TraceAndDebug_AtInfoLevel_AreFilteredOut" fullname="VTuberSystemBase.CoreIpc.Tests.Editor.CoreIpcLoggerTests.TraceAndDebug_AtInfoLevel_AreFilteredOut" result="Passed" start-time="2026-05-28 13:08:32" end-time="2026-05-28 13:08:32" duration="0.000" />
                <test-case name="WarningAndError_AtInfoLevel_ReachSinkWithCorrectLevels" fullname="VTuberSystemBase.CoreIpc.Tests.Editor.CoreIpcLoggerTests.WarningAndError_AtInfoLevel_ReachSinkWithCorrectLevels" result="Passed" start-time="2026-05-28 13:08:32" end-time="2026-05-28 13:08:32" duration="0.000" />
              </test-suite>
              <test-suite type="VTuberSystemBase.CoreIpc.Tests.Editor.CoreIpcOptionsDefaultsTests" name="CoreIpcOptionsDefaultsTests" fullname="VTuberSystemBase.CoreIpc.Tests.Editor.CoreIpcOptionsDefaultsTests" result="Passed" start-time="2026-05-28 13:08:32" end-time="2026-05-28 13:08:32" duration="0.097" total="3" passed="3" failed="0" skipped="0">
                <test-case name="DefaultInstance_ExposesContractDefaults" fullname="VTuberSystemBase.CoreIpc.Tests.Editor.CoreIpcOptionsDefaultsTests.DefaultInstance_ExposesContractDefaults" result="Passed" start-time="2026-05-28 13:08:32" end-time="2026-05-28 13:08:32" duration="0.000" />
                <test-case name="DefaultInstance_ExposesReconnectAndLoggingDefaults" fullname="VTuberSystemBase.CoreIpc.Tests.Editor.CoreIpcOptionsDefaultsTests.DefaultInstance_ExposesReconnectAndLoggingDefaults" result="Passed" start-time="2026-05-28 13:08:32" end-time="2026-05-28 13:08:32" duration="0.001" />
                <test-case name="With_PartialOverride_PreservesOtherDefaults" fullname="VTuberSystemBase.CoreIpc.Tests.Editor.CoreIpcOptionsDefaultsTests.With_PartialOverride_PreservesOtherDefaults" result="Passed" start-time="2026-05-28 13:08:32" end-time="2026-05-28 13:08:32" duration="0.000" />
              </test-suite>
              <test-suite type="VTuberSystemBase.CoreIpc.Tests.Editor.CoreIpcRuntimeHostTests" name="CoreIpcRuntimeHostTests" fullname="VTuberSystemBase.CoreIpc.Tests.Editor.CoreIpcRuntimeHostTests" result="Failed" start-time="2026-05-28 13:08:32" end-time="2026-05-28 13:08:34" duration="2.489" total="10" passed="9" failed="1" skipped="0">
                <test-case name="Bus_ReturnsInstanceAfterInitialize" fullname="VTuberSystemBase.CoreIpc.Tests.Editor.CoreIpcRuntimeHostTests.Bus_ReturnsInstanceAfterInitialize" result="Passed" start-time="2026-05-28 13:08:32" end-time="2026-05-28 13:08:32" duration="0.299" />
                <test-case name="Bus_ThrowsBeforeInitialize" fullname="VTuberSystemBase.CoreIpc.Tests.Editor.CoreIpcRuntimeHostTests.Bus_ThrowsBeforeInitialize" result="Passed" start-time="2026-05-28 13:08:32" end-time="2026-05-28 13:08:33" duration="0.298" />
                <test-case name="Dispose_BeforeInitialize_TransitionsToDisposed" fullname="VTuberSystemBase.CoreIpc.Tests.Editor.CoreIpcRuntimeHostTests.Dispose_BeforeInitialize_TransitionsToDisposed" result="Passed" start-time="2026-05-28 13:08:33" end-time="2026-05-28 13:08:33" duration="0.299" />
                <test-case name="Dispose_ReachesDisposedState_AndIsIdempotent" fullname="VTuberSystemBase.CoreIpc.Tests.Editor.CoreIpcRuntimeHostTests.Dispose_ReachesDisposedState_AndIsIdempotent" result="Passed" start-time="2026-05-28 13:08:33" end-time="2026-05-28 13:08:33" duration="0.299" />
                <test-case name="DoubleInitialize_Throws_InvalidOperationException" fullname="VTuberSystemBase.CoreIpc.Tests.Editor.CoreIpcRuntimeHostTests.DoubleInitialize_Throws_InvalidOperationException" result="Passed" start-time="2026-05-28 13:08:33" end-time="2026-05-28 13:08:33" duration="0.299" />
                <test-case name="Initialize_TransitionsThroughInitializingToRunning" fullname="VTuberSystemBase.CoreIpc.Tests.Editor.CoreIpcRuntimeHostTests.Initialize_TransitionsThroughInitializingToRunning" result="Failed" start-time="2026-05-28 13:08:33" end-time="2026-05-28 13:08:34" duration="0.298">
                  <failure>
                    <message>  Expected: greater than or equal to 1
  But was:  0
</message>
                    <stack-trace>at VTuberSystemBase.CoreIpc.Tests.Editor.CoreIpcRuntimeHostTests.Initialize_TransitionsThroughInitializingToRunning () [0x000f7] in .\Packages\com.hidano.vtuber-system-base.core-ipc-foundation\Tests\Editor\CoreIpcRuntimeHostTests.cs:79
at UnityEngine.TestTools.TestRunner.TestTaskWrapper+&lt;Execute&gt;d__2.MoveNext () [0x00063] in .\Library\PackageCache\com.unity.test-framework@0b7a23ab2e1d\UnityEngine.TestRunner\TestRunner\TestTaskWrapper.cs:31
at UnityEngine.TestTools.TestEnumerator+&lt;Execute&gt;d__7.MoveNext () [0x0003a] in .\Library\PackageCache\com.unity.test-framework@0b7a23ab2e1d\UnityEngine.TestRunner\NUnitExtensions\Attributes\TestEnumerator.cs:44
</stack-trace>
                  </failure>
                </test-case>
                <test-case name="InitializeAsync_NullOptions_Throws" fullname="VTuberSystemBase.CoreIpc.Tests.Editor.CoreIpcRuntimeHostTests.InitializeAsync_NullOptions_Throws" result="Passed" start-time="2026-05-28 13:08:34" end-time="2026-05-28 13:08:34" duration="0.001" />
                <test-case name="InitializeAsync_PortInUse_PropagatesAsTransportException" fullname="VTuberSystemBase.CoreIpc.Tests.Editor.CoreIpcRuntimeHostTests.InitializeAsync_PortInUse_PropagatesAsTransportException" result="Passed" start-time="2026-05-28 13:08:34" end-time="2026-05-28 13:08:34" duration="0.298" />
                <test-case name="OverrideForTesting_ReplacesCurrent" fullname="VTuberSystemBase.CoreIpc.Tests.Editor.CoreIpcRuntimeHostTests.OverrideForTesting_ReplacesCurrent" result="Passed" start-time="2026-05-28 13:08:34" end-time="2026-05-28 13:08:34" duration="0.000" />
                <test-case name="SuccessfulInitialize_RegistersAsCoreIpcRuntimeCurrent" fullname="VTuberSystemBase.CoreIpc.Tests.Editor.CoreIpcRuntimeHostTests.SuccessfulInitialize_RegistersAsCoreIpcRuntimeCurrent" result="Passed" start-time="2026-05-28 13:08:34" end-time="2026-05-28 13:08:34" duration="0.298" />
              </test-suite>
              <test-suite type="VTuberSystemBase.CoreIpc.Tests.Editor.EditorPlayModeBridgeTests" name="EditorPlayModeBridgeTests" fullname="VTuberSystemBase.CoreIpc.Tests.Editor.EditorPlayModeBridgeTests" result="Passed" start-time="2026-05-28 13:08:34" end-time="2026-05-28 13:08:34" duration="0.103" total="10" passed="10" failed="0" skipped="0">
                <test-case name="EnsureSubscribed_IsIdempotent" fullname="VTuberSystemBase.CoreIpc.Tests.Editor.EditorPlayModeBridgeTests.EnsureSubscribed_IsIdempotent" result="Passed" start-time="2026-05-28 13:08:34" end-time="2026-05-28 13:08:34" duration="0.000" />
                <test-case name="ExitingPlayMode_AfterTwoSequentialCalls_DisposesTwice_AndUninstallsTwice" fullname="VTuberSystemBase.CoreIpc.Tests.Editor.EditorPlayModeBridgeTests.ExitingPlayMode_AfterTwoSequentialCalls_DisposesTwice_AndUninstallsTwice" result="Passed" start-time="2026-05-28 13:08:34" end-time="2026-05-28 13:08:34" duration="0.001" />
                <test-case name="ExitingPlayMode_DisposesCurrentRuntime_AndCallsPlayerLoopUninstall" fullname="VTuberSystemBase.CoreIpc.Tests.Editor.EditorPlayModeBridgeTests.ExitingPlayMode_DisposesCurrentRuntime_AndCallsPlayerLoopUninstall" result="Passed" start-time="2026-05-28 13:08:34" end-time="2026-05-28 13:08:34" duration="0.000" />
                <test-case name="ExitingPlayMode_PlayerLoopUninstallThrows_LogsWarning_AndDoesNotPropagate" fullname="VTuberSystemBase.CoreIpc.Tests.Editor.EditorPlayModeBridgeTests.ExitingPlayMode_PlayerLoopUninstallThrows_LogsWarning_AndDoesNotPropagate" result="Passed" start-time="2026-05-28 13:08:34" end-time="2026-05-28 13:08:34" duration="0.000" />
                <test-case name="ExitingPlayMode_RuntimeDisposeThrows_StillCallsUninstall_AndLogsWarning" fullname="VTuberSystemBase.CoreIpc.Tests.Editor.EditorPlayModeBridgeTests.ExitingPlayMode_RuntimeDisposeThrows_StillCallsUninstall_AndLogsWarning" result="Passed" start-time="2026-05-28 13:08:34" end-time="2026-05-28 13:08:34" duration="0.000" />
                <test-case name="ExitingPlayMode_WithNullCurrentRuntime_StillCallsPlayerLoopUninstall" fullname="VTuberSystemBase.CoreIpc.Tests.Editor.EditorPlayModeBridgeTests.ExitingPlayMode_WithNullCurrentRuntime_StillCallsPlayerLoopUninstall" result="Passed" start-time="2026-05-28 13:08:34" end-time="2026-05-28 13:08:34" duration="0.000" />
                <test-case name="HandlePlayModeStateChange_NullRuntimeAccessor_Throws" fullname="VTuberSystemBase.CoreIpc.Tests.Editor.EditorPlayModeBridgeTests.HandlePlayModeStateChange_NullRuntimeAccessor_Throws" result="Passed" start-time="2026-05-28 13:08:34" end-time="2026-05-28 13:08:34" duration="0.000" />
                <test-case name="HandlePlayModeStateChange_NullUninstallAction_Throws" fullname="VTuberSystemBase.CoreIpc.Tests.Editor.EditorPlayModeBridgeTests.HandlePlayModeStateChange_NullUninstallAction_Throws" result="Passed" start-time="2026-05-28 13:08:34" end-time="2026-05-28 13:08:34" duration="0.000" />
                <test-case name="IsSubscribed_AfterStaticConstructor_IsTrue" fullname="VTuberSystemBase.CoreIpc.Tests.Editor.EditorPlayModeBridgeTests.IsSubscribed_AfterStaticConstructor_IsTrue" result="Passed" start-time="2026-05-28 13:08:34" end-time="2026-05-28 13:08:34" duration="0.000" />
                <test-case name="NonExitingPlayMode_DoesNotDisposeOrUninstall" fullname="VTuberSystemBase.CoreIpc.Tests.Editor.EditorPlayModeBridgeTests.NonExitingPlayMode_DoesNotDisposeOrUninstall" result="Passed" start-time="2026-05-28 13:08:34" end-time="2026-05-28 13:08:34" duration="0.000" />
              </test-suite>
              <test-suite type="VTuberSystemBase.CoreIpc.Tests.Editor.HandshakeProcessorTests" name="HandshakeProcessorTests" fullname="VTuberSystemBase.CoreIpc.Tests.Editor.HandshakeProcessorTests" result="Passed" start-time="2026-05-28 13:08:34" end-time="2026-05-28 13:08:36" duration="1.292" total="26" passed="26" failed="0" skipped="0">
                <test-case name="BuildBadRequestResponse_IncludesStatusLineAndBody" fullname="VTuberSystemBase.CoreIpc.Tests.Editor.HandshakeProcessorTests.BuildBadRequestResponse_IncludesStatusLineAndBody" result="Passed" start-time="2026-05-28 13:08:35" end-time="2026-05-28 13:08:35" duration="0.000" />
                <test-case name="BuildSuccessResponse_HasRequiredHeaders_AndTerminatesWithCrlfCrlf" fullname="VTuberSystemBase.CoreIpc.Tests.Editor.HandshakeProcessorTests.BuildSuccessResponse_HasRequiredHeaders_AndTerminatesWithCrlfCrlf" result="Passed" start-time="2026-05-28 13:08:35" end-time="2026-05-28 13:08:35" duration="0.000" />
                <test-case name="ComputeAccept_AnotherKnownKey_ReturnsExpectedDigest" fullname="VTuberSystemBase.CoreIpc.Tests.Editor.HandshakeProcessorTests.ComputeAccept_AnotherKnownKey_ReturnsExpectedDigest" result="Passed" start-time="2026-05-28 13:08:35" end-time="2026-05-28 13:08:35" duration="0.001" />
                <test-case name="ComputeAccept_NullKey_Throws" fullname="VTuberSystemBase.CoreIpc.Tests.Editor.HandshakeProcessorTests.ComputeAccept_NullKey_Throws" result="Passed" start-time="2026-05-28 13:08:35" end-time="2026-05-28 13:08:35" duration="0.000" />
                <test-case name="ComputeAccept_Rfc6455Section_4_2_2_Example_MatchesSpec" fullname="VTuberSystemBase.CoreIpc.Tests.Editor.HandshakeProcessorTests.ComputeAccept_Rfc6455Section_4_2_2_Example_MatchesSpec" result="Passed" start-time="2026-05-28 13:08:35" end-time="2026-05-28 13:08:35" duration="0.000" />
                <test-case name="ParseRequest_AcceptsHttp2_0RequestLine" fullname="VTuberSystemBase.CoreIpc.Tests.Editor.HandshakeProcessorTests.ParseRequest_AcceptsHttp2_0RequestLine" result="Passed" start-time="2026-05-28 13:08:35" end-time="2026-05-28 13:08:35" duration="0.001" />
                <test-case name="ParseRequest_ConnectionWithoutUpgradeToken_IsBadRequest" fullname="VTuberSystemBase.CoreIpc.Tests.Editor.HandshakeProcessorTests.ParseRequest_ConnectionWithoutUpgradeToken_IsBadRequest" result="Passed" start-time="2026-05-28 13:08:35" end-time="2026-05-28 13:08:35" duration="0.000" />
                <test-case name="ParseRequest_HeaderNamesAreCaseInsensitive" fullname="VTuberSystemBase.CoreIpc.Tests.Editor.HandshakeProcessorTests.ParseRequest_HeaderNamesAreCaseInsensitive" result="Passed" start-time="2026-05-28 13:08:35" end-time="2026-05-28 13:08:35" duration="0.000" />
                <test-case name="ParseRequest_LowercaseMethod_IsBadRequest" fullname="VTuberSystemBase.CoreIpc.Tests.Editor.HandshakeProcessorTests.ParseRequest_LowercaseMethod_IsBadRequest" result="Passed" start-time="2026-05-28 13:08:35" end-time="2026-05-28 13:08:35" duration="0.000" />
                <test-case name="ParseRequest_MalformedHeaderLine_IsBadRequest" fullname="VTuberSystemBase.CoreIpc.Tests.Editor.HandshakeProcessorTests.ParseRequest_MalformedHeaderLine_IsBadRequest" result="Passed" start-time="2026-05-28 13:08:35" end-time="2026-05-28 13:08:35" duration="0.000" />
                <test-case name="ParseRequest_MissingConnectionHeader_IsBadRequest" fullname="VTuberSystemBase.CoreIpc.Tests.Editor.HandshakeProcessorTests.ParseRequest_MissingConnectionHeader_IsBadRequest" result="Passed" start-time="2026-05-28 13:08:35" end-time="2026-05-28 13:08:35" duration="0.000" />
                <test-case name="ParseRequest_MissingHostHeader_IsBadRequest" fullname="VTuberSystemBase.CoreIpc.Tests.Editor.HandshakeProcessorTests.ParseRequest_MissingHostHeader_IsBadRequest" result="Passed" start-time="2026-05-28 13:08:35" end-time="2026-05-28 13:08:35" duration="0.000" />
                <test-case name="ParseRequest_MissingSecWebSocketKey_IsBadRequest" fullname="VTuberSystemBase.CoreIpc.Tests.Editor.HandshakeProcessorTests.ParseRequest_MissingSecWebSocketKey_IsBadRequest" result="Passed" start-time="2026-05-28 13:08:35" end-time="2026-05-28 13:08:35" duration="0.000" />
                <test-case name="ParseRequest_MissingUpgradeHeader_IsBadRequest" fullname="VTuberSystemBase.CoreIpc.Tests.Editor.HandshakeProcessorTests.ParseRequest_MissingUpgradeHeader_IsBadRequest" result="Passed" start-time="2026-05-28 13:08:35" end-time="2026-05-28 13:08:35" duration="0.000" />
                <test-case name="ParseRequest_NoCrlfCrlfTerminator_IsBadRequest" fullname="VTuberSystemBase.CoreIpc.Tests.Editor.HandshakeProcessorTests.ParseRequest_NoCrlfCrlfTerminator_IsBadRequest" result="Passed" start-time="2026-05-28 13:08:35" end-time="2026-05-28 13:08:35" duration="0.000" />
                <test-case name="ParseRequest_NonGetMethod_IsBadRequest" fullname="VTuberSystemBase.CoreIpc.Tests.Editor.HandshakeProcessorTests.ParseRequest_NonGetMethod_IsBadRequest" result="Passed" start-time="2026-05-28 13:08:35" end-time="2026-05-28 13:08:35" duration="0.000" />
                <test-case name="ParseRequest_OldHttpVersion_IsBadRequest" fullname="VTuberSystemBase.CoreIpc.Tests.Editor.HandshakeProcessorTests.ParseRequest_OldHttpVersion_IsBadRequest" result="Passed" start-time="2026-05-28 13:08:35" end-time="2026-05-28 13:08:35" duration="0.000" />
                <test-case name="ParseRequest_SecWebSocketKeyNotBase64_IsBadRequest" fullname="VTuberSystemBase.CoreIpc.Tests.Editor.HandshakeProcessorTests.ParseRequest_SecWebSocketKeyNotBase64_IsBadRequest" result="Passed" start-time="2026-05-28 13:08:35" end-time="2026-05-28 13:08:35" duration="0.000" />
                <test-case name="ParseRequest_SecWebSocketKeyWrongDecodedSize_IsBadRequest" fullname="VTuberSystemBase.CoreIpc.Tests.Editor.HandshakeProcessorTests.ParseRequest_SecWebSocketKeyWrongDecodedSize_IsBadRequest" result="Passed" start-time="2026-05-28 13:08:35" end-time="2026-05-28 13:08:35" duration="0.000" />
                <test-case name="ParseRequest_UpgradeNotWebSocket_IsBadRequest" fullname="VTuberSystemBase.CoreIpc.Tests.Editor.HandshakeProcessorTests.ParseRequest_UpgradeNotWebSocket_IsBadRequest" result="Passed" start-time="2026-05-28 13:08:35" end-time="2026-05-28 13:08:35" duration="0.000" />
                <test-case name="ParseRequest_ValidRfc6455Request_ReturnsSuccessAndAccept" fullname="VTuberSystemBase.CoreIpc.Tests.Editor.HandshakeProcessorTests.ParseRequest_ValidRfc6455Request_ReturnsSuccessAndAccept" result="Passed" start-time="2026-05-28 13:08:35" end-time="2026-05-28 13:08:35" duration="0.000" />
                <test-case name="ParseRequest_WrongSecWebSocketVersion_IsBadRequest" fullname="VTuberSystemBase.CoreIpc.Tests.Editor.HandshakeProcessorTests.ParseRequest_WrongSecWebSocketVersion_IsBadRequest" result="Passed" start-time="2026-05-28 13:08:35" end-time="2026-05-28 13:08:35" duration="0.000" />
                <test-case name="ProcessAsync_InvalidRequestOnDuplexStream_WritesBadRequestResponse" fullname="VTuberSystemBase.CoreIpc.Tests.Editor.HandshakeProcessorTests.ProcessAsync_InvalidRequestOnDuplexStream_WritesBadRequestResponse" result="Passed" start-time="2026-05-28 13:08:35" end-time="2026-05-28 13:08:35" duration="0.293" />
                <test-case name="ProcessAsync_RequestExceedsLimit_ReturnsTooLargeAndWritesBadRequest" fullname="VTuberSystemBase.CoreIpc.Tests.Editor.HandshakeProcessorTests.ProcessAsync_RequestExceedsLimit_ReturnsTooLargeAndWritesBadRequest" result="Passed" start-time="2026-05-28 13:08:35" end-time="2026-05-28 13:08:35" duration="0.299" />
                <test-case name="ProcessAsync_StreamClosedBeforeRequest_ReturnsEndOfStream" fullname="VTuberSystemBase.CoreIpc.Tests.Editor.HandshakeProcessorTests.ProcessAsync_StreamClosedBeforeRequest_ReturnsEndOfStream" result="Passed" start-time="2026-05-28 13:08:35" end-time="2026-05-28 13:08:35" duration="0.299" />
                <test-case name="ProcessAsync_ValidRequestOnDuplexStream_WritesSuccessResponse" fullname="VTuberSystemBase.CoreIpc.Tests.Editor.HandshakeProcessorTests.ProcessAsync_ValidRequestOnDuplexStream_WritesSuccessResponse" result="Passed" start-time="2026-05-28 13:08:35" end-time="2026-05-28 13:08:36" duration="0.299" />
              </test-suite>
              <test-suite type="VTuberSystemBase.CoreIpc.Tests.Editor.InMemoryLoopbackTransportTests" name="InMemoryLoopbackTransportTests" fullname="VTuberSystemBase.CoreIpc.Tests.Editor.InMemoryLoopbackTransportTests" result="Passed" start-time="2026-05-28 13:08:36" end-time="2026-05-28 13:08:38" duration="2.593" total="8" passed="8" failed="0" skipped="0">
                <test-case name="ConnectClient_BeforeStartServer_Throws" fullname="VTuberSystemBase.CoreIpc.Tests.Editor.InMemoryLoopbackTransportTests.ConnectClient_BeforeStartServer_Throws" result="Passed" start-time="2026-05-28 13:08:36" end-time="2026-05-28 13:08:36" duration="0.298" />
                <test-case name="DisposeAsync_IsIdempotent_AndReleasesPair" fullname="VTuberSystemBase.CoreIpc.Tests.Editor.InMemoryLoopbackTransportTests.DisposeAsync_IsIdempotent_AndReleasesPair" result="Passed" start-time="2026-05-28 13:08:36" end-time="2026-05-28 13:08:36" duration="0.299" />
                <test-case name="SelfLoop_PreservesFifoOrderAcrossManyEvents" fullname="VTuberSystemBase.CoreIpc.Tests.Editor.InMemoryLoopbackTransportTests.SelfLoop_PreservesFifoOrderAcrossManyEvents" result="Passed" start-time="2026-05-28 13:08:36" end-time="2026-05-28 13:08:37" duration="0.399" />
                <test-case name="SelfLoop_RoundTripsEventEnvelope" fullname="VTuberSystemBase.CoreIpc.Tests.Editor.InMemoryLoopbackTransportTests.SelfLoop_RoundTripsEventEnvelope" result="Passed" start-time="2026-05-28 13:08:37" end-time="2026-05-28 13:08:37" duration="0.299" />
                <test-case name="SelfLoop_RoundTripsRequestThenResponse" fullname="VTuberSystemBase.CoreIpc.Tests.Editor.InMemoryLoopbackTransportTests.SelfLoop_RoundTripsRequestThenResponse" result="Passed" start-time="2026-05-28 13:08:37" end-time="2026-05-28 13:08:37" duration="0.299" />
                <test-case name="SelfLoop_RoundTripsStateEnvelope" fullname="VTuberSystemBase.CoreIpc.Tests.Editor.InMemoryLoopbackTransportTests.SelfLoop_RoundTripsStateEnvelope" result="Passed" start-time="2026-05-28 13:08:37" end-time="2026-05-28 13:08:38" duration="0.300" />
                <test-case name="StartServer_ThenConnectClient_RaisesClientConnected" fullname="VTuberSystemBase.CoreIpc.Tests.Editor.InMemoryLoopbackTransportTests.StartServer_ThenConnectClient_RaisesClientConnected" result="Passed" start-time="2026-05-28 13:08:38" end-time="2026-05-28 13:08:38" duration="0.299" />
                <test-case name="StartServer_Twice_Throws" fullname="VTuberSystemBase.CoreIpc.Tests.Editor.InMemoryLoopbackTransportTests.StartServer_Twice_Throws" result="Passed" start-time="2026-05-28 13:08:38" end-time="2026-05-28 13:08:38" duration="0.300" />
              </test-suite>
              <test-suite type="VTuberSystemBase.CoreIpc.Tests.Editor.IpcDispatchStepTests" name="IpcDispatchStepTests" fullname="VTuberSystemBase.CoreIpc.Tests.Editor.IpcDispatchStepTests" result="Passed" start-time="2026-05-28 13:08:38" end-time="2026-05-28 13:08:38" duration="0.108" total="8" passed="8" failed="0" skipped="0">
                <test-case name="Constructor_NullQueue_Throws" fullname="VTuberSystemBase.CoreIpc.Tests.Editor.IpcDispatchStepTests.Constructor_NullQueue_Throws" result="Passed" start-time="2026-05-28 13:08:38" end-time="2026-05-28 13:08:38" duration="0.001" />
                <test-case name="Install_DrivenByPlayerLoopUpdateDelegate_FlushesQueue" fullname="VTuberSystemBase.CoreIpc.Tests.Editor.IpcDispatchStepTests.Install_DrivenByPlayerLoopUpdateDelegate_FlushesQueue" result="Passed" start-time="2026-05-28 13:08:38" end-time="2026-05-28 13:08:38" duration="0.003" />
                <test-case name="Install_RegistersStepUnderPreUpdate" fullname="VTuberSystemBase.CoreIpc.Tests.Editor.IpcDispatchStepTests.Install_RegistersStepUnderPreUpdate" result="Passed" start-time="2026-05-28 13:08:38" end-time="2026-05-28 13:08:38" duration="0.001" />
                <test-case name="Install_TwiceWithCustomLogWarning_RoutesToCaller" fullname="VTuberSystemBase.CoreIpc.Tests.Editor.IpcDispatchStepTests.Install_TwiceWithCustomLogWarning_RoutesToCaller" result="Passed" start-time="2026-05-28 13:08:38" end-time="2026-05-28 13:08:38" duration="0.001" />
                <test-case name="RepeatedInstallUninstall_RemainsSymmetric" fullname="VTuberSystemBase.CoreIpc.Tests.Editor.IpcDispatchStepTests.RepeatedInstallUninstall_RemainsSymmetric" result="Passed" start-time="2026-05-28 13:08:38" end-time="2026-05-28 13:08:38" duration="0.001" />
                <test-case name="Tick_HandlerExceptionIsIsolatedByQueue_AndStepDoesNotThrow" fullname="VTuberSystemBase.CoreIpc.Tests.Editor.IpcDispatchStepTests.Tick_HandlerExceptionIsIsolatedByQueue_AndStepDoesNotThrow" result="Passed" start-time="2026-05-28 13:08:38" end-time="2026-05-28 13:08:38" duration="0.001" />
                <test-case name="Tick_InvokesQueueFlush_AndDispatchesHandlers" fullname="VTuberSystemBase.CoreIpc.Tests.Editor.IpcDispatchStepTests.Tick_InvokesQueueFlush_AndDispatchesHandlers" result="Passed" start-time="2026-05-28 13:08:38" end-time="2026-05-28 13:08:38" duration="0.000" />
                <test-case name="Uninstall_RemovesStepFromPlayerLoop" fullname="VTuberSystemBase.CoreIpc.Tests.Editor.IpcDispatchStepTests.Uninstall_RemovesStepFromPlayerLoop" result="Passed" start-time="2026-05-28 13:08:38" end-time="2026-05-28 13:08:38" duration="0.000" />
              </test-suite>
              <test-suite type="VTuberSystemBase.CoreIpc.Tests.Editor.IpcResultTests" name="IpcResultTests" fullname="VTuberSystemBase.CoreIpc.Tests.Editor.IpcResultTests" result="Passed" start-time="2026-05-28 13:08:38" end-time="2026-05-28 13:08:39" duration="0.091" total="5" passed="5" failed="0" skipped="0">
                <test-case name="Fail_Generic_HasDefaultValueAndError" fullname="VTuberSystemBase.CoreIpc.Tests.Editor.IpcResultTests.Fail_Generic_HasDefaultValueAndError" result="Passed" start-time="2026-05-28 13:08:39" end-time="2026-05-28 13:08:39" duration="0.000" />
                <test-case name="Fail_NonGeneric_HasSuccessFalseAndError" fullname="VTuberSystemBase.CoreIpc.Tests.Editor.IpcResultTests.Fail_NonGeneric_HasSuccessFalseAndError" result="Passed" start-time="2026-05-28 13:08:39" end-time="2026-05-28 13:08:39" duration="0.000" />
                <test-case name="Fail_NonGeneric_NullError_Throws" fullname="VTuberSystemBase.CoreIpc.Tests.Editor.IpcResultTests.Fail_NonGeneric_NullError_Throws" result="Passed" start-time="2026-05-28 13:08:39" end-time="2026-05-28 13:08:39" duration="0.000" />
                <test-case name="Ok_Generic_CarriesValue" fullname="VTuberSystemBase.CoreIpc.Tests.Editor.IpcResultTests.Ok_Generic_CarriesValue" result="Passed" start-time="2026-05-28 13:08:39" end-time="2026-05-28 13:08:39" duration="0.000" />
                <test-case name="Ok_NonGeneric_HasSuccessTrueAndNullError" fullname="VTuberSystemBase.CoreIpc.Tests.Editor.IpcResultTests.Ok_NonGeneric_HasSuccessTrueAndNullError" result="Passed" start-time="2026-05-28 13:08:39" end-time="2026-05-28 13:08:39" duration="0.000" />
              </test-suite>
              <test-suite type="VTuberSystemBase.CoreIpc.Tests.Editor.MainThreadDispatchQueueTests" name="MainThreadDispatchQueueTests" fullname="VTuberSystemBase.CoreIpc.Tests.Editor.MainThreadDispatchQueueTests" result="Passed" start-time="2026-05-28 13:08:39" end-time="2026-05-28 13:08:39" duration="0.113" total="18" passed="18" failed="0" skipped="0">
                <test-case name="Constructor_RejectsNegativeWarningThreshold" fullname="VTuberSystemBase.CoreIpc.Tests.Editor.MainThreadDispatchQueueTests.Constructor_RejectsNegativeWarningThreshold" result="Passed" start-time="2026-05-28 13:08:39" end-time="2026-05-28 13:08:39" duration="0.000" />
                <test-case name="Constructor_RejectsNullOptions" fullname="VTuberSystemBase.CoreIpc.Tests.Editor.MainThreadDispatchQueueTests.Constructor_RejectsNullOptions" result="Passed" start-time="2026-05-28 13:08:39" end-time="2026-05-28 13:08:39" duration="0.000" />
                <test-case name="Enqueue_EventMessages_AcrossTopics_PreserveGlobalEnqueueOrder" fullname="VTuberSystemBase.CoreIpc.Tests.Editor.MainThreadDispatchQueueTests.Enqueue_EventMessages_AcrossTopics_PreserveGlobalEnqueueOrder" result="Passed" start-time="2026-05-28 13:08:39" end-time="2026-05-28 13:08:39" duration="0.001" />
                <test-case name="Enqueue_EventMessages_PreserveFifoOrder_OnFlush" fullname="VTuberSystemBase.CoreIpc.Tests.Editor.MainThreadDispatchQueueTests.Enqueue_EventMessages_PreserveFifoOrder_OnFlush" result="Passed" start-time="2026-05-28 13:08:39" end-time="2026-05-28 13:08:39" duration="0.003" />
                <test-case name="Enqueue_EventQueue_AtExactlyThousandThreshold_DoesNotWarn" fullname="VTuberSystemBase.CoreIpc.Tests.Editor.MainThreadDispatchQueueTests.Enqueue_EventQueue_AtExactlyThousandThreshold_DoesNotWarn" result="Passed" start-time="2026-05-28 13:08:39" end-time="2026-05-28 13:08:39" duration="0.001" />
                <test-case name="Enqueue_EventQueue_OverThreshold_LogsWarningOnceWhenCrossing" fullname="VTuberSystemBase.CoreIpc.Tests.Editor.MainThreadDispatchQueueTests.Enqueue_EventQueue_OverThreshold_LogsWarningOnceWhenCrossing" result="Passed" start-time="2026-05-28 13:08:39" end-time="2026-05-28 13:08:39" duration="0.000" />
                <test-case name="Enqueue_FromMultipleThreads_StateRetainsLatestPerTopic_AndEventsArePreservedFifoPerTopic" fullname="VTuberSystemBase.CoreIpc.Tests.Editor.MainThreadDispatchQueueTests.Enqueue_FromMultipleThreads_StateRetainsLatestPerTopic_AndEventsArePreservedFifoPerTopic" result="Passed" start-time="2026-05-28 13:08:39" end-time="2026-05-28 13:08:39" duration="0.004" />
                <test-case name="Enqueue_NullTopic_LogsWarningAndDrops" fullname="VTuberSystemBase.CoreIpc.Tests.Editor.MainThreadDispatchQueueTests.Enqueue_NullTopic_LogsWarningAndDrops" result="Passed" start-time="2026-05-28 13:08:39" end-time="2026-05-28 13:08:39" duration="0.000" />
                <test-case name="Enqueue_RequestKind_IsBufferedAndDispatchedOnFlush" fullname="VTuberSystemBase.CoreIpc.Tests.Editor.MainThreadDispatchQueueTests.Enqueue_RequestKind_IsBufferedAndDispatchedOnFlush" result="Passed" start-time="2026-05-28 13:08:39" end-time="2026-05-28 13:08:39" duration="0.001" />
                <test-case name="Enqueue_ResponseKind_IsDroppedAndLoggedAsWarning" fullname="VTuberSystemBase.CoreIpc.Tests.Editor.MainThreadDispatchQueueTests.Enqueue_ResponseKind_IsDroppedAndLoggedAsWarning" result="Passed" start-time="2026-05-28 13:08:39" end-time="2026-05-28 13:08:39" duration="0.000" />
                <test-case name="Enqueue_StateMessages_AreObservableImmediatelyViaStateSlotCount" fullname="VTuberSystemBase.CoreIpc.Tests.Editor.MainThreadDispatchQueueTests.Enqueue_StateMessages_AreObservableImmediatelyViaStateSlotCount" result="Passed" start-time="2026-05-28 13:08:39" end-time="2026-05-28 13:08:39" duration="0.000" />
                <test-case name="Enqueue_StateMessages_MultipleTopics_DeliverLatestPerTopic" fullname="VTuberSystemBase.CoreIpc.Tests.Editor.MainThreadDispatchQueueTests.Enqueue_StateMessages_MultipleTopics_DeliverLatestPerTopic" result="Passed" start-time="2026-05-28 13:08:39" end-time="2026-05-28 13:08:39" duration="0.000" />
                <test-case name="Enqueue_StateMessages_SameTopic_CoalesceToLatestOnFlush" fullname="VTuberSystemBase.CoreIpc.Tests.Editor.MainThreadDispatchQueueTests.Enqueue_StateMessages_SameTopic_CoalesceToLatestOnFlush" result="Passed" start-time="2026-05-28 13:08:39" end-time="2026-05-28 13:08:39" duration="0.000" />
                <test-case name="Flush_DeliversRequestBatchAfterStateAndEvent" fullname="VTuberSystemBase.CoreIpc.Tests.Editor.MainThreadDispatchQueueTests.Flush_DeliversRequestBatchAfterStateAndEvent" result="Passed" start-time="2026-05-28 13:08:39" end-time="2026-05-28 13:08:39" duration="0.000" />
                <test-case name="Flush_DeliversStateBatchBeforeEventBatch" fullname="VTuberSystemBase.CoreIpc.Tests.Editor.MainThreadDispatchQueueTests.Flush_DeliversStateBatchBeforeEventBatch" result="Passed" start-time="2026-05-28 13:08:39" end-time="2026-05-28 13:08:39" duration="0.000" />
                <test-case name="Flush_HandlerException_DoesNotStopSubsequentDeliveries" fullname="VTuberSystemBase.CoreIpc.Tests.Editor.MainThreadDispatchQueueTests.Flush_HandlerException_DoesNotStopSubsequentDeliveries" result="Passed" start-time="2026-05-28 13:08:39" end-time="2026-05-28 13:08:39" duration="0.000" />
                <test-case name="Flush_StateHandlerException_DoesNotStopEventDelivery" fullname="VTuberSystemBase.CoreIpc.Tests.Editor.MainThreadDispatchQueueTests.Flush_StateHandlerException_DoesNotStopEventDelivery" result="Passed" start-time="2026-05-28 13:08:39" end-time="2026-05-28 13:08:39" duration="0.000" />
                <test-case name="Flush_WithoutHandlerLookup_DrainsQueueWithoutThrowing" fullname="VTuberSystemBase.CoreIpc.Tests.Editor.MainThreadDispatchQueueTests.Flush_WithoutHandlerLookup_DrainsQueueWithoutThrowing" result="Passed" start-time="2026-05-28 13:08:39" end-time="2026-05-28 13:08:39" duration="0.000" />
              </test-suite>
              <test-suite type="VTuberSystemBase.CoreIpc.Tests.Editor.MessageEnvelopeAndEnumTypeTests" name="MessageEnvelopeAndEnumTypeTests" fullname="VTuberSystemBase.CoreIpc.Tests.Editor.MessageEnvelopeAndEnumTypeTests" result="Passed" start-time="2026-05-28 13:08:39" end-time="2026-05-28 13:08:39" duration="0.088" total="7" passed="7" failed="0" skipped="0">
                <test-case name="ConnectionState_DefinesAllFiveStates" fullname="VTuberSystemBase.CoreIpc.Tests.Editor.MessageEnvelopeAndEnumTypeTests.ConnectionState_DefinesAllFiveStates" result="Passed" start-time="2026-05-28 13:08:39" end-time="2026-05-28 13:08:39" duration="0.001" />
                <test-case name="MessageEnvelope_AllowsNullCorrelationIdForStateAndEvent" fullname="VTuberSystemBase.CoreIpc.Tests.Editor.MessageEnvelopeAndEnumTypeTests.MessageEnvelope_AllowsNullCorrelationIdForStateAndEvent" result="Passed" start-time="2026-05-28 13:08:39" end-time="2026-05-28 13:08:39" duration="0.000" />
                <test-case name="MessageEnvelope_IsReadonlyRecordStruct_AndExposesAllSpecifiedFields" fullname="VTuberSystemBase.CoreIpc.Tests.Editor.MessageEnvelopeAndEnumTypeTests.MessageEnvelope_IsReadonlyRecordStruct_AndExposesAllSpecifiedFields" result="Passed" start-time="2026-05-28 13:08:39" end-time="2026-05-28 13:08:39" duration="0.000" />
                <test-case name="MessageEnvelope_PreservesConstructorArguments" fullname="VTuberSystemBase.CoreIpc.Tests.Editor.MessageEnvelopeAndEnumTypeTests.MessageEnvelope_PreservesConstructorArguments" result="Passed" start-time="2026-05-28 13:08:39" end-time="2026-05-28 13:08:39" duration="0.000" />
                <test-case name="MessageEnvelope_StructuralEquality_OnIdenticalValues" fullname="VTuberSystemBase.CoreIpc.Tests.Editor.MessageEnvelopeAndEnumTypeTests.MessageEnvelope_StructuralEquality_OnIdenticalValues" result="Passed" start-time="2026-05-28 13:08:39" end-time="2026-05-28 13:08:39" duration="0.001" />
                <test-case name="MessageKind_DefinesAllFourKinds" fullname="VTuberSystemBase.CoreIpc.Tests.Editor.MessageEnvelopeAndEnumTypeTests.MessageKind_DefinesAllFourKinds" result="Passed" start-time="2026-05-28 13:08:39" end-time="2026-05-28 13:08:39" duration="0.000" />
                <test-case name="RuntimeState_DefinesAllFiveStates" fullname="VTuberSystemBase.CoreIpc.Tests.Editor.MessageEnvelopeAndEnumTypeTests.RuntimeState_DefinesAllFiveStates" result="Passed" start-time="2026-05-28 13:08:39" end-time="2026-05-28 13:08:39" duration="0.000" />
              </test-suite>
              <test-suite type="VTuberSystemBase.CoreIpc.Tests.Editor.PlayerLoopInstallerTests" name="PlayerLoopInstallerTests" fullname="VTuberSystemBase.CoreIpc.Tests.Editor.PlayerLoopInstallerTests" result="Passed" start-time="2026-05-28 13:08:39" end-time="2026-05-28 13:08:39" duration="0.103" total="10" passed="10" failed="0" skipped="0">
                <test-case name="Install_AddsIpcDispatchStepUnderPreUpdate" fullname="VTuberSystemBase.CoreIpc.Tests.Editor.PlayerLoopInstallerTests.Install_AddsIpcDispatchStepUnderPreUpdate" result="Passed" start-time="2026-05-28 13:08:39" end-time="2026-05-28 13:08:39" duration="0.001" />
                <test-case name="Install_InvokingUpdateDelegate_CallsFlushAction" fullname="VTuberSystemBase.CoreIpc.Tests.Editor.PlayerLoopInstallerTests.Install_InvokingUpdateDelegate_CallsFlushAction" result="Passed" start-time="2026-05-28 13:08:39" end-time="2026-05-28 13:08:39" duration="0.001" />
                <test-case name="Install_NullAction_Throws" fullname="VTuberSystemBase.CoreIpc.Tests.Editor.PlayerLoopInstallerTests.Install_NullAction_Throws" result="Passed" start-time="2026-05-28 13:08:39" end-time="2026-05-28 13:08:39" duration="0.000" />
                <test-case name="Install_PreservesExistingPreUpdateChildren" fullname="VTuberSystemBase.CoreIpc.Tests.Editor.PlayerLoopInstallerTests.Install_PreservesExistingPreUpdateChildren" result="Passed" start-time="2026-05-28 13:08:39" end-time="2026-05-28 13:08:39" duration="0.000" />
                <test-case name="Install_Twice_LogsWarningAndReplaces" fullname="VTuberSystemBase.CoreIpc.Tests.Editor.PlayerLoopInstallerTests.Install_Twice_LogsWarningAndReplaces" result="Passed" start-time="2026-05-28 13:08:39" end-time="2026-05-28 13:08:39" duration="0.001" />
                <test-case name="RepeatedInstallUninstall_RemainsSymmetric" fullname="VTuberSystemBase.CoreIpc.Tests.Editor.PlayerLoopInstallerTests.RepeatedInstallUninstall_RemainsSymmetric" result="Passed" start-time="2026-05-28 13:08:39" end-time="2026-05-28 13:08:39" duration="0.001" />
                <test-case name="Uninstall_AfterInstall_ResetsIsInstalledFlag" fullname="VTuberSystemBase.CoreIpc.Tests.Editor.PlayerLoopInstallerTests.Uninstall_AfterInstall_ResetsIsInstalledFlag" result="Passed" start-time="2026-05-28 13:08:39" end-time="2026-05-28 13:08:39" duration="0.000" />
                <test-case name="Uninstall_RemovesIpcDispatchStep" fullname="VTuberSystemBase.CoreIpc.Tests.Editor.PlayerLoopInstallerTests.Uninstall_RemovesIpcDispatchStep" result="Passed" start-time="2026-05-28 13:08:39" end-time="2026-05-28 13:08:39" duration="0.000" />
                <test-case name="Uninstall_RestoresOriginalChildCount" fullname="VTuberSystemBase.CoreIpc.Tests.Editor.PlayerLoopInstallerTests.Uninstall_RestoresOriginalChildCount" result="Passed" start-time="2026-05-28 13:08:39" end-time="2026-05-28 13:08:39" duration="0.000" />
                <test-case name="Uninstall_WhenNotInstalled_IsNoOp" fullname="VTuberSystemBase.CoreIpc.Tests.Editor.PlayerLoopInstallerTests.Uninstall_WhenNotInstalled_IsNoOp" result="Passed" start-time="2026-05-28 13:08:39" end-time="2026-05-28 13:08:39" duration="0.000" />
              </test-suite>
              <test-suite type="VTuberSystemBase.CoreIpc.Tests.Editor.PlayModeLifecycleEditModeTests" name="PlayModeLifecycleEditModeTests" fullname="VTuberSystemBase.CoreIpc.Tests.Editor.PlayModeLifecycleEditModeTests" result="Passed" start-time="2026-05-28 13:08:39" end-time="2026-05-28 13:08:39" duration="0.094" total="1" passed="1" failed="0" skipped="0">
                <test-case name="EditMode_DoesNotAutoStartCoreIpcRuntime" fullname="VTuberSystemBase.CoreIpc.Tests.Editor.PlayModeLifecycleEditModeTests.EditMode_DoesNotAutoStartCoreIpcRuntime" result="Passed" start-time="2026-05-28 13:08:39" end-time="2026-05-28 13:08:39" duration="0.000" />
              </test-suite>
              <test-suite type="VTuberSystemBase.CoreIpc.Tests.Editor.ReconnectBackoffTests" name="ReconnectBackoffTests" fullname="VTuberSystemBase.CoreIpc.Tests.Editor.ReconnectBackoffTests" result="Passed" start-time="2026-05-28 13:08:39" end-time="2026-05-28 13:08:39" duration="0.104" total="21" passed="21" failed="0" skipped="0">
                <test-case name="Constructor_MaxDelayBelowInitialDelay_Throws" fullname="VTuberSystemBase.CoreIpc.Tests.Editor.ReconnectBackoffTests.Constructor_MaxDelayBelowInitialDelay_Throws" result="Passed" start-time="2026-05-28 13:08:39" end-time="2026-05-28 13:08:39" duration="0.000" />
                <test-case name="Constructor_MultiplierBelowOne_Throws" fullname="VTuberSystemBase.CoreIpc.Tests.Editor.ReconnectBackoffTests.Constructor_MultiplierBelowOne_Throws" result="Passed" start-time="2026-05-28 13:08:39" end-time="2026-05-28 13:08:39" duration="0.000" />
                <test-case name="Constructor_MultiplierIsNaN_Throws" fullname="VTuberSystemBase.CoreIpc.Tests.Editor.ReconnectBackoffTests.Constructor_MultiplierIsNaN_Throws" result="Passed" start-time="2026-05-28 13:08:39" end-time="2026-05-28 13:08:39" duration="0.000" />
                <test-case name="Constructor_NegativeInitialDelay_Throws" fullname="VTuberSystemBase.CoreIpc.Tests.Editor.ReconnectBackoffTests.Constructor_NegativeInitialDelay_Throws" result="Passed" start-time="2026-05-28 13:08:39" end-time="2026-05-28 13:08:39" duration="0.000" />
                <test-case name="Constructor_NonPositiveMaxAttempts_Throws" fullname="VTuberSystemBase.CoreIpc.Tests.Editor.ReconnectBackoffTests.Constructor_NonPositiveMaxAttempts_Throws" result="Passed" start-time="2026-05-28 13:08:39" end-time="2026-05-28 13:08:39" duration="0.000" />
                <test-case name="ExceededMaxAttempts_BecomesTrue_AfterMaxAttemptsCalls" fullname="VTuberSystemBase.CoreIpc.Tests.Editor.ReconnectBackoffTests.ExceededMaxAttempts_BecomesTrue_AfterMaxAttemptsCalls" result="Passed" start-time="2026-05-28 13:08:39" end-time="2026-05-28 13:08:39" duration="0.000" />
                <test-case name="ExceededMaxAttempts_IsFalse_BeforeReachingLimit" fullname="VTuberSystemBase.CoreIpc.Tests.Editor.ReconnectBackoffTests.ExceededMaxAttempts_IsFalse_BeforeReachingLimit" result="Passed" start-time="2026-05-28 13:08:39" end-time="2026-05-28 13:08:39" duration="0.000" />
                <test-case name="InitialState_AttemptCountIsZero_AndNotExceeded" fullname="VTuberSystemBase.CoreIpc.Tests.Editor.ReconnectBackoffTests.InitialState_AttemptCountIsZero_AndNotExceeded" result="Passed" start-time="2026-05-28 13:08:39" end-time="2026-05-28 13:08:39" duration="0.000" />
                <test-case name="NextDelay_AfterCapApplied_StaysAtMaxDelay" fullname="VTuberSystemBase.CoreIpc.Tests.Editor.ReconnectBackoffTests.NextDelay_AfterCapApplied_StaysAtMaxDelay" result="Passed" start-time="2026-05-28 13:08:39" end-time="2026-05-28 13:08:39" duration="0.000" />
                <test-case name="NextDelay_AfterExceededMaxAttempts_ThrowsInvalidOperationException" fullname="VTuberSystemBase.CoreIpc.Tests.Editor.ReconnectBackoffTests.NextDelay_AfterExceededMaxAttempts_ThrowsInvalidOperationException" result="Passed" start-time="2026-05-28 13:08:39" end-time="2026-05-28 13:08:39" duration="0.000" />
                <test-case name="NextDelay_FirstCall_ReturnsInitialDelay" fullname="VTuberSystemBase.CoreIpc.Tests.Editor.ReconnectBackoffTests.NextDelay_FirstCall_ReturnsInitialDelay" result="Passed" start-time="2026-05-28 13:08:39" end-time="2026-05-28 13:08:39" duration="0.000" />
                <test-case name="NextDelay_FirstFiveCalls_ProduceExponentialSeries" fullname="VTuberSystemBase.CoreIpc.Tests.Editor.ReconnectBackoffTests.NextDelay_FirstFiveCalls_ProduceExponentialSeries" result="Passed" start-time="2026-05-28 13:08:39" end-time="2026-05-28 13:08:39" duration="0.000" />
[...]
                <test-case name="Register_SameTopic_MultipleHandlers_AllInvokedInRegistrationOrder" fullname="VTuberSystemBase.CoreIpc.Tests.Editor.TopicSubscriptionRegistryTests.Register_SameTopic_MultipleHandlers_AllInvokedInRegistrationOrder" result="Passed" start-time="2026-05-28 13:08:46" end-time="2026-05-28 13:08:46" duration="0.000" />
                <test-case name="Register_Then_TryGetHandlers_ReturnsHandler" fullname="VTuberSystemBase.CoreIpc.Tests.Editor.TopicSubscriptionRegistryTests.Register_Then_TryGetHandlers_ReturnsHandler" result="Passed" start-time="2026-05-28 13:08:46" end-time="2026-05-28 13:08:46" duration="0.000" />
                <test-case name="Registry_IsUsableAsHandlerLookup_ForDispatchQueue" fullname="VTuberSystemBase.CoreIpc.Tests.Editor.TopicSubscriptionRegistryTests.Registry_IsUsableAsHandlerLookup_ForDispatchQueue" result="Passed" start-time="2026-05-28 13:08:46" end-time="2026-05-28 13:08:46" duration="0.000" />
                <test-case name="SubscriptionToken_Dispose_IsIdempotent" fullname="VTuberSystemBase.CoreIpc.Tests.Editor.TopicSubscriptionRegistryTests.SubscriptionToken_Dispose_IsIdempotent" result="Passed" start-time="2026-05-28 13:08:46" end-time="2026-05-28 13:08:46" duration="0.000" />
                <test-case name="TryGetHandlers_AfterDispose_ReturnsFalse" fullname="VTuberSystemBase.CoreIpc.Tests.Editor.TopicSubscriptionRegistryTests.TryGetHandlers_AfterDispose_ReturnsFalse" result="Passed" start-time="2026-05-28 13:08:46" end-time="2026-05-28 13:08:46" duration="0.000" />
                <test-case name="TryGetHandlers_NullTopic_ReturnsFalse" fullname="VTuberSystemBase.CoreIpc.Tests.Editor.TopicSubscriptionRegistryTests.TryGetHandlers_NullTopic_ReturnsFalse" result="Passed" start-time="2026-05-28 13:08:46" end-time="2026-05-28 13:08:46" duration="0.000" />
                <test-case name="TryGetHandlers_ReturnsSnapshot_NotLiveView" fullname="VTuberSystemBase.CoreIpc.Tests.Editor.TopicSubscriptionRegistryTests.TryGetHandlers_ReturnsSnapshot_NotLiveView" result="Passed" start-time="2026-05-28 13:08:46" end-time="2026-05-28 13:08:46" duration="0.000" />
                <test-case name="TryGetHandlers_UnknownTopicOrKind_ReturnsFalseAndEmptyList" fullname="VTuberSystemBase.CoreIpc.Tests.Editor.TopicSubscriptionRegistryTests.TryGetHandlers_UnknownTopicOrKind_ReturnsFalseAndEmptyList" result="Passed" start-time="2026-05-28 13:08:46" end-time="2026-05-28 13:08:46" duration="0.000" />
              </test-suite>
              <test-suite type="VTuberSystemBase.CoreIpc.Tests.Editor.WebSocketClientTests" name="WebSocketClientTests" fullname="VTuberSystemBase.CoreIpc.Tests.Editor.WebSocketClientTests" result="Passed" start-time="2026-05-28 13:08:46" end-time="2026-05-28 13:09:22" duration="36.796" total="10" passed="10" failed="0" skipped="0">
                <test-case name="ConnectAsync_AgainstRunningServer_Succeeds" fullname="VTuberSystemBase.CoreIpc.Tests.Editor.WebSocketClientTests.ConnectAsync_AgainstRunningServer_Succeeds" result="Passed" start-time="2026-05-28 13:08:46" end-time="2026-05-28 13:08:46" duration="0.597" />
                <test-case name="ConnectAsync_NoServer_ReturnsTransportFailure" fullname="VTuberSystemBase.CoreIpc.Tests.Editor.WebSocketClientTests.ConnectAsync_NoServer_ReturnsTransportFailure" result="Passed" start-time="2026-05-28 13:08:46" end-time="2026-05-28 13:08:48" duration="1.396" />
                <test-case name="ConnectAsync_RespectsConnectTimeout_OnUnreachableEndpoint" fullname="VTuberSystemBase.CoreIpc.Tests.Editor.WebSocketClientTests.ConnectAsync_RespectsConnectTimeout_OnUnreachableEndpoint" result="Passed" start-time="2026-05-28 13:08:48" end-time="2026-05-28 13:08:48" duration="0.598" />
                <test-case name="ConnectAsync_TwiceOnSameInstance_ThrowsInvalidOperation" fullname="VTuberSystemBase.CoreIpc.Tests.Editor.WebSocketClientTests.ConnectAsync_TwiceOnSameInstance_ThrowsInvalidOperation" result="Passed" start-time="2026-05-28 13:08:48" end-time="2026-05-28 13:08:49" duration="0.597" />
                <test-case name="DisposeAsync_AfterConnect_ClosesConnectionGracefully" fullname="VTuberSystemBase.CoreIpc.Tests.Editor.WebSocketClientTests.DisposeAsync_AfterConnect_ClosesConnectionGracefully" result="Passed" start-time="2026-05-28 13:08:49" end-time="2026-05-28 13:08:49" duration="0.599" />
                <test-case name="ReconnectFlow_NewInstancePerAttempt_Works" fullname="VTuberSystemBase.CoreIpc.Tests.Editor.WebSocketClientTests.ReconnectFlow_NewInstancePerAttempt_Works" result="Passed" start-time="2026-05-28 13:08:49" end-time="2026-05-28 13:08:50" duration="0.798" />
                <test-case name="SendAsync_AfterDispose_ThrowsObjectDisposed" fullname="VTuberSystemBase.CoreIpc.Tests.Editor.WebSocketClientTests.SendAsync_AfterDispose_ThrowsObjectDisposed" result="Passed" start-time="2026-05-28 13:08:50" end-time="2026-05-28 13:08:51" duration="0.598" />
                <test-case name="SendAsync_BeforeConnect_ThrowsInvalidOperation" fullname="VTuberSystemBase.CoreIpc.Tests.Editor.WebSocketClientTests.SendAsync_BeforeConnect_ThrowsInvalidOperation" result="Passed" start-time="2026-05-28 13:08:51" end-time="2026-05-28 13:08:51" duration="0.299" />
                <test-case name="SendReceive_TextRoundTrip_DeliversBothDirections" fullname="VTuberSystemBase.CoreIpc.Tests.Editor.WebSocketClientTests.SendReceive_TextRoundTrip_DeliversBothDirections" result="Passed" start-time="2026-05-28 13:08:51" end-time="2026-05-28 13:08:52" duration="0.796" />
                <test-case name="ServerInitiatedClose_RaisesDisconnectedAndCompletesReceive" fullname="VTuberSystemBase.CoreIpc.Tests.Editor.WebSocketClientTests.ServerInitiatedClose_RaisesDisconnectedAndCompletesReceive" result="Passed" start-time="2026-05-28 13:08:52" end-time="2026-05-28 13:09:22" duration="30.421" />
              </test-suite>
              <test-suite type="VTuberSystemBase.CoreIpc.Tests.Editor.WebSocketFrameCodecTests" name="WebSocketFrameCodecTests" fullname="VTuberSystemBase.CoreIpc.Tests.Editor.WebSocketFrameCodecTests" result="Passed" start-time="2026-05-28 13:09:22" end-time="2026-05-28 13:09:28" duration="6.083" total="29" passed="29" failed="0" skipped="0">
                <test-case name="Client_Reading_Masked_FrameFromServer_ReturnsMaskForbidden" fullname="VTuberSystemBase.CoreIpc.Tests.Editor.WebSocketFrameCodecTests.Client_Reading_Masked_FrameFromServer_ReturnsMaskForbidden" result="Passed" start-time="2026-05-28 13:09:23" end-time="2026-05-28 13:09:23" duration="0.300" />
                <test-case name="Close_EmptyPayload_RoundTrips" fullname="VTuberSystemBase.CoreIpc.Tests.Editor.WebSocketFrameCodecTests.Close_EmptyPayload_RoundTrips" result="Passed" start-time="2026-05-28 13:09:23" end-time="2026-05-28 13:09:23" duration="0.299" />
                <test-case name="Close_WithCodeAndReason_RoundTripsThroughReadMessage" fullname="VTuberSystemBase.CoreIpc.Tests.Editor.WebSocketFrameCodecTests.Close_WithCodeAndReason_RoundTripsThroughReadMessage" result="Passed" start-time="2026-05-28 13:09:23" end-time="2026-05-28 13:09:23" duration="0.299" />
                <test-case name="ControlFrame_WithFinUnset_ReturnsProtocolError" fullname="VTuberSystemBase.CoreIpc.Tests.Editor.WebSocketFrameCodecTests.ControlFrame_WithFinUnset_ReturnsProtocolError" result="Passed" start-time="2026-05-28 13:09:23" end-time="2026-05-28 13:09:24" duration="0.299" />
                <test-case name="ControlFrame_WithOversizedPayload_ReturnsProtocolError" fullname="VTuberSystemBase.CoreIpc.Tests.Editor.WebSocketFrameCodecTests.ControlFrame_WithOversizedPayload_ReturnsProtocolError" result="Passed" start-time="2026-05-28 13:09:24" end-time="2026-05-28 13:09:24" duration="0.299" />
                <test-case name="EmptyStream_ReturnsEndOfStream" fullname="VTuberSystemBase.CoreIpc.Tests.Editor.WebSocketFrameCodecTests.EmptyStream_ReturnsEndOfStream" result="Passed" start-time="2026-05-28 13:09:24" end-time="2026-05-28 13:09:24" duration="0.298" />
                <test-case name="EncodeFrame_Masked_AppliesMaskAndSetsMaskBit" fullname="VTuberSystemBase.CoreIpc.Tests.Editor.WebSocketFrameCodecTests.EncodeFrame_Masked_AppliesMaskAndSetsMaskBit" result="Passed" start-time="2026-05-28 13:09:24" end-time="2026-05-28 13:09:24" duration="0.002" />
                <test-case name="EncodeFrame_Unmasked_LargePayload_UsesEightByteExtendedLength" fullname="VTuberSystemBase.CoreIpc.Tests.Editor.WebSocketFrameCodecTests.EncodeFrame_Unmasked_LargePayload_UsesEightByteExtendedLength" result="Passed" start-time="2026-05-28 13:09:24" end-time="2026-05-28 13:09:24" duration="0.000" />
                <test-case name="EncodeFrame_Unmasked_MediumPayload_UsesTwoByteExtendedLength" fullname="VTuberSystemBase.CoreIpc.Tests.Editor.WebSocketFrameCodecTests.EncodeFrame_Unmasked_MediumPayload_UsesTwoByteExtendedLength" result="Passed" start-time="2026-05-28 13:09:24" end-time="2026-05-28 13:09:24" duration="0.000" />
                <test-case name="EncodeFrame_Unmasked_ShortPayload_TwoByteHeader" fullname="VTuberSystemBase.CoreIpc.Tests.Editor.WebSocketFrameCodecTests.EncodeFrame_Unmasked_ShortPayload_TwoByteHeader" result="Passed" start-time="2026-05-28 13:09:24" end-time="2026-05-28 13:09:24" duration="0.001" />
                <test-case name="Fragmented_Continuation_WithoutInitialFrame_IsProtocolError" fullname="VTuberSystemBase.CoreIpc.Tests.Editor.WebSocketFrameCodecTests.Fragmented_Continuation_WithoutInitialFrame_IsProtocolError" result="Passed" start-time="2026-05-28 13:09:24" end-time="2026-05-28 13:09:25" duration="0.295" />
                <test-case name="Fragmented_NewDataFrameInsteadOfContinuation_IsProtocolError" fullname="VTuberSystemBase.CoreIpc.Tests.Editor.WebSocketFrameCodecTests.Fragmented_NewDataFrameInsteadOfContinuation_IsProtocolError" result="Passed" start-time="2026-05-28 13:09:25" end-time="2026-05-28 13:09:25" duration="0.299" />
                <test-case name="Fragmented_Text_AcrossThreeFrames_Reassembles" fullname="VTuberSystemBase.CoreIpc.Tests.Editor.WebSocketFrameCodecTests.Fragmented_Text_AcrossThreeFrames_Reassembles" result="Passed" start-time="2026-05-28 13:09:25" end-time="2026-05-28 13:09:25" duration="0.299" />
                <test-case name="FragmentedPayload_AccumulatedOverLimit_ReturnsMessageTooBig" fullname="VTuberSystemBase.CoreIpc.Tests.Editor.WebSocketFrameCodecTests.FragmentedPayload_AccumulatedOverLimit_ReturnsMessageTooBig" result="Passed" start-time="2026-05-28 13:09:25" end-time="2026-05-28 13:09:26" duration="0.299" />
                <test-case name="IsValidUtf8_InvalidSequence_ReturnsFalse" fullname="VTuberSystemBase.CoreIpc.Tests.Editor.WebSocketFrameCodecTests.IsValidUtf8_InvalidSequence_ReturnsFalse" result="Passed" start-time="2026-05-28 13:09:26" end-time="2026-05-28 13:09:26" duration="0.001" />
                <test-case name="IsValidUtf8_ValidSequence_ReturnsTrue" fullname="VTuberSystemBase.CoreIpc.Tests.Editor.WebSocketFrameCodecTests.IsValidUtf8_ValidSequence_ReturnsTrue" result="Passed" start-time="2026-05-28 13:09:26" end-time="2026-05-28 13:09:26" duration="0.000" />
                <test-case name="RoundTrip_Ping_Unmasked" fullname="VTuberSystemBase.CoreIpc.Tests.Editor.WebSocketFrameCodecTests.RoundTrip_Ping_Unmasked" result="Passed" start-time="2026-05-28 13:09:26" end-time="2026-05-28 13:09:26" duration="0.298" />
                <test-case name="RoundTrip_Pong_Masked" fullname="VTuberSystemBase.CoreIpc.Tests.Editor.WebSocketFrameCodecTests.RoundTrip_Pong_Masked" result="Passed" start-time="2026-05-28 13:09:26" end-time="2026-05-28 13:09:26" duration="0.299" />
                <test-case name="RoundTrip_Text_ClientToServer_Masked" fullname="VTuberSystemBase.CoreIpc.Tests.Editor.WebSocketFrameCodecTests.RoundTrip_Text_ClientToServer_Masked" result="Passed" start-time="2026-05-28 13:09:26" end-time="2026-05-28 13:09:26" duration="0.299" />
                <test-case name="RoundTrip_Text_LargePayload_OverSixteenBitBoundary" fullname="VTuberSystemBase.CoreIpc.Tests.Editor.WebSocketFrameCodecTests.RoundTrip_Text_LargePayload_OverSixteenBitBoundary" result="Passed" start-time="2026-05-28 13:09:26" end-time="2026-05-28 13:09:27" duration="0.299" />
                <test-case name="RoundTrip_Text_ServerToClient_Unmasked" fullname="VTuberSystemBase.CoreIpc.Tests.Editor.WebSocketFrameCodecTests.RoundTrip_Text_ServerToClient_Unmasked" result="Passed" start-time="2026-05-28 13:09:27" end-time="2026-05-28 13:09:27" duration="0.300" />
                <test-case name="RsvBitsSet_ReturnsProtocolError" fullname="VTuberSystemBase.CoreIpc.Tests.Editor.WebSocketFrameCodecTests.RsvBitsSet_ReturnsProtocolError" result="Passed" start-time="2026-05-28 13:09:27" end-time="2026-05-28 13:09:27" duration="0.299" />
                <test-case name="Server_Reading_Unmasked_FrameFromClient_ReturnsMaskRequired" fullname="VTuberSystemBase.CoreIpc.Tests.Editor.WebSocketFrameCodecTests.Server_Reading_Unmasked_FrameFromClient_ReturnsMaskRequired" result="Passed" start-time="2026-05-28 13:09:27" end-time="2026-05-28 13:09:28" duration="0.298" />
                <test-case name="SinglePayload_OverLimit_ReturnsMessageTooBig" fullname="VTuberSystemBase.CoreIpc.Tests.Editor.WebSocketFrameCodecTests.SinglePayload_OverLimit_ReturnsMessageTooBig" result="Passed" start-time="2026-05-28 13:09:28" end-time="2026-05-28 13:09:28" duration="0.299" />
                <test-case name="TextFrame_WithInvalidUtf8_ReturnsInvalidUtf8" fullname="VTuberSystemBase.CoreIpc.Tests.Editor.WebSocketFrameCodecTests.TextFrame_WithInvalidUtf8_ReturnsInvalidUtf8" result="Passed" start-time="2026-05-28 13:09:28" end-time="2026-05-28 13:09:28" duration="0.299" />
                <test-case name="UnknownOpcode_ReturnsProtocolError" fullname="VTuberSystemBase.CoreIpc.Tests.Editor.WebSocketFrameCodecTests.UnknownOpcode_ReturnsProtocolError" result="Passed" start-time="2026-05-28 13:09:28" end-time="2026-05-28 13:09:28" duration="0.299" />
                <test-case name="Writer_FragmentedControlFrame_Throws" fullname="VTuberSystemBase.CoreIpc.Tests.Editor.WebSocketFrameCodecTests.Writer_FragmentedControlFrame_Throws" result="Passed" start-time="2026-05-28 13:09:28" end-time="2026-05-28 13:09:28" duration="0.001" />
                <test-case name="Writer_OversizedControlFrame_Throws" fullname="VTuberSystemBase.CoreIpc.Tests.Editor.WebSocketFrameCodecTests.Writer_OversizedControlFrame_Throws" result="Passed" start-time="2026-05-28 13:09:28" end-time="2026-05-28 13:09:28" duration="0.001" />
                <test-case name="Writer_UnknownOpcode_Throws" fullname="VTuberSystemBase.CoreIpc.Tests.Editor.WebSocketFrameCodecTests.Writer_UnknownOpcode_Throws" result="Passed" start-time="2026-05-28 13:09:28" end-time="2026-05-28 13:09:28" duration="0.001" />
              </test-suite>
              <test-suite type="VTuberSystemBase.CoreIpc.Tests.Editor.WebSocketServerTests" name="WebSocketServerTests" fullname="VTuberSystemBase.CoreIpc.Tests.Editor.WebSocketServerTests" result="Passed" start-time="2026-05-28 13:09:28" end-time="2026-05-28 13:09:32" duration="3.587" total="5" passed="5" failed="0" skipped="0">
                <test-case name="ClientWebSocket_CanConnectExchangeTextAndDisconnect" fullname="VTuberSystemBase.CoreIpc.Tests.Editor.WebSocketServerTests.ClientWebSocket_CanConnectExchangeTextAndDisconnect" result="Passed" start-time="2026-05-28 13:09:29" end-time="2026-05-28 13:09:29" duration="0.896" />
                <test-case name="MultipleClients_CanConnectAndReceiveBroadcast" fullname="VTuberSystemBase.CoreIpc.Tests.Editor.WebSocketServerTests.MultipleClients_CanConnectAndReceiveBroadcast" result="Passed" start-time="2026-05-28 13:09:29" end-time="2026-05-28 13:09:31" duration="1.596" />
                <test-case name="StartAsync_OnAlreadyBoundPort_ReturnsPortInUseError" fullname="VTuberSystemBase.CoreIpc.Tests.Editor.WebSocketServerTests.StartAsync_OnAlreadyBoundPort_ReturnsPortInUseError" result="Passed" start-time="2026-05-28 13:09:31" end-time="2026-05-28 13:09:31" duration="0.299" />
                <test-case name="StartAsync_OnAvailablePort_Succeeds" fullname="VTuberSystemBase.CoreIpc.Tests.Editor.WebSocketServerTests.StartAsync_OnAvailablePort_Succeeds" result="Passed" start-time="2026-05-28 13:09:31" end-time="2026-05-28 13:09:32" duration="0.398" />
                <test-case name="StopAsync_AfterStart_DisposesListenerAndDoesNotThrow" fullname="VTuberSystemBase.CoreIpc.Tests.Editor.WebSocketServerTests.StopAsync_AfterStart_DisposesListenerAndDoesNotThrow" result="Passed" start-time="2026-05-28 13:09:32" end-time="2026-05-28 13:09:32" duration="0.300" />
              </test-suite>
              <test-suite type="VTuberSystemBase.CoreIpc.Tests.Editor.WebSocketTransportAdapterTests" name="WebSocketTransportAdapterTests" fullname="VTuberSystemBase.CoreIpc.Tests.Editor.WebSocketTransportAdapterTests" result="Passed" start-time="2026-05-28 13:09:32" end-time="2026-05-28 13:10:36" duration="63.541" total="8" passed="8" failed="0" skipped="0">
                <test-case name="ConnectClientAsync_AgainstAdapterServer_Succeeds" fullname="VTuberSystemBase.CoreIpc.Tests.Editor.WebSocketTransportAdapterTests.ConnectClientAsync_AgainstAdapterServer_Succeeds" result="Passed" start-time="2026-05-28 13:09:32" end-time="2026-05-28 13:10:03" duration="30.324" />
                <test-case name="ConnectClientAsync_NoServer_ThrowsTransportException" fullname="VTuberSystemBase.CoreIpc.Tests.Editor.WebSocketTransportAdapterTests.ConnectClientAsync_NoServer_ThrowsTransportException" result="Passed" start-time="2026-05-28 13:10:03" end-time="2026-05-28 13:10:04" duration="1.396" />
                <test-case name="Constructor_NullCodec_ThrowsArgumentNull" fullname="VTuberSystemBase.CoreIpc.Tests.Editor.WebSocketTransportAdapterTests.Constructor_NullCodec_ThrowsArgumentNull" result="Passed" start-time="2026-05-28 13:10:04" end-time="2026-05-28 13:10:04" duration="0.001" />
                <test-case name="DisposeAsync_IsIdempotent_AndReleasesPort" fullname="VTuberSystemBase.CoreIpc.Tests.Editor.WebSocketTransportAdapterTests.DisposeAsync_IsIdempotent_AndReleasesPort" result="Passed" start-time="2026-05-28 13:10:04" end-time="2026-05-28 13:10:04" duration="0.298" />
                <test-case name="SendReceive_AcrossAdapter_RoundTripsTextPayload" fullname="VTuberSystemBase.CoreIpc.Tests.Editor.WebSocketTransportAdapterTests.SendReceive_AcrossAdapter_RoundTripsTextPayload" result="Passed" start-time="2026-05-28 13:10:04" end-time="2026-05-28 13:10:35" duration="30.328" />
                <test-case name="StartServerAsync_OnFreePort_TransitionsToRunning" fullname="VTuberSystemBase.CoreIpc.Tests.Editor.WebSocketTransportAdapterTests.StartServerAsync_OnFreePort_TransitionsToRunning" result="Passed" start-time="2026-05-28 13:10:35" end-time="2026-05-28 13:10:35" duration="0.398" />
                <test-case name="StartServerAsync_OnHeldPort_ThrowsTransportExceptionWithPortInUse" fullname="VTuberSystemBase.CoreIpc.Tests.Editor.WebSocketTransportAdapterTests.StartServerAsync_OnHeldPort_ThrowsTransportExceptionWithPortInUse" result="Passed" start-time="2026-05-28 13:10:35" end-time="2026-05-28 13:10:35" duration="0.299" />
                <test-case name="StartServerAsync_TwiceOnSameInstance_ThrowsInvalidOperation" fullname="VTuberSystemBase.CoreIpc.Tests.Editor.WebSocketTransportAdapterTests.StartServerAsync_TwiceOnSameInstance_ThrowsInvalidOperation" result="Passed" start-time="2026-05-28 13:10:35" end-time="2026-05-28 13:10:36" duration="0.399" />
              </test-suite>
            </test-suite>
          </test-suite>
        </test-suite>
      </test-suite>
    </test-suite>
  </test-suite>
</test-run>